 4:01:10 BattlEye Server: Initialized (v1.194)
 4:01:10 Host identity created.
 4:01:22 BattlEye Server: RCon admin #0 (198.27.70.14:60726) logged in
 4:14:18 BattlEye Server: RCon admin #0: (Global) BEC : This is ULTIMATE PVE Survival. Expect to be Very Challenged !!
 4:16:18 BattlEye Server: RCon admin #0: (Global) BEC : Welcome to EpikGaming's Epoch Chernarus 
 4:16:35 Tiadashi uses modified data file
 4:16:35 BattlEye Server: Player #0 Tiadashi (96.247.232.233:2334) connected
 4:16:35 Player Tiadashi connecting.
 4:16:35 Mission DayZ Epoch Chernarus read from bank.
 4:16:36 BattlEye Server: Player #0 Tiadashi - GUID: ba7597fbd587ece9e807face23916950 (unverified)
 4:16:37 Player Tiadashi connected (id=76561198123632050).
 4:16:37 BattlEye Server: Verified GUID (ba7597fbd587ece9e807face23916950) of player #0 Tiadashi
 4:16:37 BattlEye Server: Player #0 Tiadashi - Legacy GUID: 8b4506e86dff8826a189c6a07436a687
 4:17:43 Roles assigned.
 4:17:43 Reading mission ...
 4:17:59 Mission read.
 4:18:30 Game started.
 4:18:30 BattlEye Server: RCon admin #0: (Global) BEC : Join us on Teamspeak @ ts.epikgaming.net also check out our forums at www.epikgaming.net 
 4:20:18 BattlEye Server: RCon admin #0: (Global) BEC : Check out our Donation Upgrades, @ www.epikgaming.net  and click Donations 
 4:22:18 BattlEye Server: RCon admin #0: (Global) BEC : The Missions are Hard, don't try them alone!!! 
 4:23:18 BattlEye Server: RCon admin #0: (Global) BEC : NO Parking Vehicles at Traders, they WILL BE removed. 
 4:25:18 BattlEye Server: RCon admin #0: (Global) BEC : If no Admins on the Server, check out our Teamspeak  ts.epikgaming.net  we may be there 
 4:27:18 BattlEye Server: RCon admin #0: (Global) BEC : This is ULTIMATE PVE Survival. Expect to be Very Challenged !!
 4:27:31 Player Tiadashi disconnected.
 4:27:31 BattlEye Server: Player #0 Tiadashi disconnected
 4:28:18 BattlEye Server: RCon admin #0: (Global) BEC : Bring a friend to the Server and receive a Special gift, notify an Admin to collect 
 4:30:18 BattlEye Server: RCon admin #0: (Global) BEC : Watch out for the Bandits (on Foot, in the Air and in Vehicles)  They are excellent shots !! 
 4:31:18 BattlEye Server: RCon admin #0: (Global) BEC : Welcome to EpikGaming's Epoch Chernarus 
 4:32:08 BattlEye Server: RCon admin #0: (Global) BEC : This Server has a 4 hourly restart cycle (240 mins). Check your time remaining in Debug 'F10' Key'. 
 4:32:18 BattlEye Server: RCon admin #0: (Global) BEC : If you hear rumblings, get inside or wear nightvision goggles. A psy storm is coming... and they are deadly 
 4:33:18 BattlEye Server: RCon admin #0: (Global) BEC : To protect yourself from Zombies, smear their guts over yourself. You need a Knife to Gut a Zombie 
 4:33:18 BattlEye Server: RCon admin #0: (Global) BEC : NO Building in Med-High Loot Spawn Area's, If unsure please confirm with an Admin 
 4:35:18 BattlEye Server: RCon admin #0: (Global) BEC : Join us on Teamspeak @ ts.epikgaming.net also check out our forums at www.epikgaming.net 
 4:36:18 BattlEye Server: RCon admin #0: (Global) BEC : Remember, you are in occupied territory, be very careful
 4:38:09 Revlynn uses modified data file
 4:38:09 BattlEye Server: Player #0 Revlynn (97.86.11.161:2334) connected
 4:38:09 Player Revlynn connecting.
 4:38:10 BattlEye Server: Player #0 Revlynn - GUID: cbdfa9073ce3b4f73ae66d077d8a3189 (unverified)
 4:38:10 Player Revlynn connected (id=76561198150976559).
 4:38:10 BattlEye Server: Verified GUID (cbdfa9073ce3b4f73ae66d077d8a3189) of player #0 Revlynn
 4:38:11 BattlEye Server: Player #0 Revlynn - Legacy GUID: 5586f26a8d239698460dabf57835de90
 4:38:12 Player Revlynn: Wrong signature for file C:\Program Files (x86)\Steam\SteamApps\common\Arma 2 Operation Arrowhead\@DayZ_Epoch105\addons\dayz_code.pbo
 4:38:12 Player Revlynn disconnected.
 4:38:12 BattlEye Server: Player #0 Revlynn disconnected
 4:39:18 BattlEye Server: RCon admin #0: (Global) BEC : Check out our Donation Upgrades, @ www.epikgaming.net  and click Donations 
 4:40:18 BattlEye Server: RCon admin #0: (Global) BEC : This is ULTIMATE PVE Survival. Expect to be Very Challenged !!
 4:43:18 BattlEye Server: RCon admin #0: (Global) BEC : The Missions are Hard, don't try them alone!!! 
 4:45:18 BattlEye Server: RCon admin #0: (Global) BEC : NO Parking Vehicles at Traders, they WILL BE removed. 
 4:46:18 BattlEye Server: RCon admin #0: (Global) BEC : Welcome to EpikGaming's Epoch Chernarus 
 4:49:18 BattlEye Server: RCon admin #0: (Global) BEC : If no Admins on the Server, check out our Teamspeak  ts.epikgaming.net  we may be there 
 4:52:18 BattlEye Server: RCon admin #0: (Global) BEC : Join us on Teamspeak @ ts.epikgaming.net also check out our forums at www.epikgaming.net 
 4:53:18 BattlEye Server: RCon admin #0: (Global) BEC : This is ULTIMATE PVE Survival. Expect to be Very Challenged !!
 4:55:18 BattlEye Server: RCon admin #0: (Global) BEC : Bring a friend to the Server and receive a Special gift, notify an Admin to collect 
 4:58:18 BattlEye Server: RCon admin #0: (Global) BEC : Check out our Donation Upgrades, @ www.epikgaming.net  and click Donations 
 4:59:18 BattlEye Server: RCon admin #0: (Global) BEC : Watch out for the Bandits (on Foot, in the Air and in Vehicles)  They are excellent shots !! 
 5:01:18 BattlEye Server: RCon admin #0: (Global) BEC : Welcome to EpikGaming's Epoch Chernarus 
 5:02:58 BattlEye Server: RCon admin #0: (Global) BEC : This Server has a 4 hourly restart cycle (240 mins). Check your time remaining in Debug 'F10' Key'. 
 5:03:18 BattlEye Server: RCon admin #0: (Global) BEC : If you hear rumblings, get inside or wear nightvision goggles. A psy storm is coming... and they are deadly 
 5:04:18 BattlEye Server: RCon admin #0: (Global) BEC : The Missions are Hard, don't try them alone!!! 
 5:05:18 BattlEye Server: RCon admin #0: (Global) BEC : To protect yourself from Zombies, smear their guts over yourself. You need a Knife to Gut a Zombie 
 5:05:18 BattlEye Server: RCon admin #0: (Global) BEC : NO Building in Med-High Loot Spawn Area's, If unsure please confirm with an Admin 
 5:06:18 BattlEye Server: RCon admin #0: (Global) BEC : This is ULTIMATE PVE Survival. Expect to be Very Challenged !!
 5:07:18 BattlEye Server: RCon admin #0: (Global) BEC : NO Parking Vehicles at Traders, they WILL BE removed. 
 2:39:22 BattlEye Server: Initialized (v1.195)
 2:39:22 Host identity created.
 2:39:24 BattlEye Server: RCon admin #0 (192.111.144.6:57665) logged in
 2:41:26 BattlEye Server: Initialized (v1.195)
 2:41:26 Host identity created.
 2:41:35 BattlEye Server: RCon admin #0 (192.111.144.6:64865) logged in
 2:43:02 Casey uses modified data file
 2:43:02 BattlEye Server: Player #0 Casey (71.68.252.4:2304) connected
 2:43:02 Player Casey connecting.
 2:43:02 Mission DayZ Epoch Chernarus read from bank.
 2:43:15 Player Casey disconnected.
 2:43:15 BattlEye Server: Player #0 Casey disconnected
 2:43:15 All users disconnected, waiting for users.
 2:44:34 Rad uses modified data file
 2:44:34 BattlEye Server: Player #0 Rad (121.73.37.174:2304) connected
 2:44:34 Player Rad connecting.
 2:44:34 Mission DayZ Epoch Chernarus read from bank.
 2:44:36 BattlEye Server: Player #0 Rad - GUID: 885c579ee12c4ddf77aaac565b2b3290 (unverified)
 2:44:36 Player Rad connected (id=76561198032047520).
 2:44:36 BattlEye Server: Verified GUID (885c579ee12c4ddf77aaac565b2b3290) of player #0 Rad
 2:44:36 BattlEye Server: Player #0 Rad - Legacy GUID: 03f93f12a57aefa54029cc3dc438d7a9
 2:44:37 Player Rad disconnected.
 2:44:37 BattlEye Server: Player #0 Rad disconnected
 2:44:37 All users disconnected, waiting for users.
 2:45:56 BattlEye Server: Initialized (v1.195)
 2:45:56 Host identity created.
 2:46:04 BattlEye Server: RCon admin #0 (192.111.144.6:57943) logged in
 2:47:07 BattlEye Server: Initialized (v1.195)
 2:47:07 Host identity created.
 2:47:08 Rad uses modified data file
 2:47:08 BattlEye Server: Player #0 Rad (121.73.37.174:2304) connected
 2:47:08 Player Rad connecting.
 2:47:09 Mission DayZ Epoch Chernarus read from bank.
 2:47:10 BattlEye Server: Player #0 Rad - GUID: 885c579ee12c4ddf77aaac565b2b3290 (unverified)
 2:47:10 Player Rad connected (id=76561198032047520).
 2:47:10 BattlEye Server: Verified GUID (885c579ee12c4ddf77aaac565b2b3290) of player #0 Rad
 2:47:11 BattlEye Server: Player #0 Rad - Legacy GUID: 03f93f12a57aefa54029cc3dc438d7a9
 2:47:11 Player Rad disconnected.
 2:47:11 BattlEye Server: Player #0 Rad disconnected
 2:47:11 All users disconnected, waiting for users.
 2:47:17 BattlEye Server: RCon admin #0 (192.111.144.6:63908) logged in
 2:47:54 Rad uses modified data file
 2:47:54 BattlEye Server: Player #0 Rad (121.73.37.174:2304) connected
 2:47:54 Player Rad connecting.
 2:47:54 Mission DayZ Epoch Chernarus read from bank.
 2:47:55 BattlEye Server: Player #0 Rad - GUID: 885c579ee12c4ddf77aaac565b2b3290 (unverified)
 2:47:56 Player Rad connected (id=76561198032047520).
 2:47:56 BattlEye Server: Verified GUID (885c579ee12c4ddf77aaac565b2b3290) of player #0 Rad
 2:47:56 BattlEye Server: Player #0 Rad - Legacy GUID: 03f93f12a57aefa54029cc3dc438d7a9
 2:47:57 Player Rad disconnected.
 2:47:57 BattlEye Server: Player #0 Rad disconnected
 2:47:57 All users disconnected, waiting for users.
 2:50:45 BattlEye Server: Initialized (v1.195)
 2:50:45 Host identity created.
 2:50:54 BattlEye Server: RCon admin #0 (192.111.144.6:59045) logged in
 2:51:56 Rad uses modified data file
 2:51:56 BattlEye Server: Player #0 Rad (121.73.37.174:2304) connected
 2:51:56 Player Rad connecting.
 2:51:56 Mission DayZ Epoch Chernarus read from bank.
 2:51:58 BattlEye Server: Player #0 Rad - GUID: 885c579ee12c4ddf77aaac565b2b3290 (unverified)
 2:51:58 Player Rad connected (id=76561198032047520).
 2:51:58 BattlEye Server: Verified GUID (885c579ee12c4ddf77aaac565b2b3290) of player #0 Rad
 2:51:58 BattlEye Server: Player #0 Rad - Legacy GUID: 03f93f12a57aefa54029cc3dc438d7a9
 2:52:12 Roles assigned.
 2:52:12 Reading mission ...
 2:52:22 Mission read.
 2:56:48 Game started.
 2:59:10 BattlEye Server: RCon admin #0 (192.111.144.6:59045) logged in
 3:15:41 BattlEye Server: Initialized (v1.195)
 3:15:41 Host identity created.
 3:15:49 BattlEye Server: RCon admin #0 (192.111.144.6:59195) logged in
 3:16:35 Rad uses modified data file
 3:16:35 BattlEye Server: Player #0 Rad (121.73.37.174:2304) connected
 3:16:35 Player Rad connecting.
 3:16:35 Mission DayZ Epoch Chernarus read from bank.
 3:16:37 BattlEye Server: Player #0 Rad - GUID: 885c579ee12c4ddf77aaac565b2b3290 (unverified)
 3:16:37 BattlEye Server: Player #0 Rad - Legacy GUID: 03f93f12a57aefa54029cc3dc438d7a9
 3:16:37 Player Rad connected (id=76561198032047520).
 3:16:37 BattlEye Server: Verified GUID (885c579ee12c4ddf77aaac565b2b3290) of player #0 Rad
 3:16:44 Roles assigned.
 3:16:44 Reading mission ...
 3:16:54 Mission read.
 3:17:26 Game started.
 3:40:33 BattlEye Server: Initialized (v1.195)
 3:40:33 Host identity created.
 3:40:41 BattlEye Server: RCon admin #0 (192.111.144.6:57227) logged in
 3:41:16 Rad uses modified data file
 3:41:16 BattlEye Server: Player #0 Rad (121.73.37.174:2304) connected
 3:41:16 Player Rad connecting.
 3:41:16 Mission DayZ Epoch Chernarus read from bank.
 3:41:18 BattlEye Server: Player #0 Rad - GUID: 885c579ee12c4ddf77aaac565b2b3290 (unverified)
 3:41:18 BattlEye Server: Player #0 Rad - Legacy GUID: 03f93f12a57aefa54029cc3dc438d7a9
 3:41:25 Player Rad connected (id=76561198032047520).
 3:41:25 BattlEye Server: Verified GUID (885c579ee12c4ddf77aaac565b2b3290) of player #0 Rad
 3:41:32 Roles assigned.
 3:41:32 Reading mission ...
 3:41:42 Mission read.
 3:42:14 Game started.
 3:43:00 Player Rad disconnected.
 3:43:00 BattlEye Server: Player #0 Rad disconnected
 4:43:14 BattlEye Server: Initialized (v1.195)
 4:43:14 Host identity created.
 4:43:23 BattlEye Server: RCon admin #0 (192.111.144.6:54260) logged in
 4:44:12 Rad uses modified data file
 4:44:12 BattlEye Server: Player #0 Rad (121.73.37.174:2304) connected
 4:44:12 Player Rad connecting.
 4:44:12 Mission DayZ Epoch Chernarus read from bank.
 4:44:14 BattlEye Server: Player #0 Rad - GUID: 885c579ee12c4ddf77aaac565b2b3290 (unverified)
 4:44:14 BattlEye Server: Player #0 Rad - Legacy GUID: 03f93f12a57aefa54029cc3dc438d7a9
 4:44:14 Player Rad connected (id=76561198032047520).
 4:44:14 BattlEye Server: Verified GUID (885c579ee12c4ddf77aaac565b2b3290) of player #0 Rad
 4:44:18 Roles assigned.
 4:44:19 Reading mission ...
 4:44:29 Mission read.
 4:45:15 Game started.
 4:46:52 Player Rad disconnected.
 4:46:52 BattlEye Server: Player #0 Rad disconnected
 4:56:31 BattlEye Server: Initialized (v1.195)
 4:56:31 Host identity created.
 4:56:38 BattlEye Server: RCon admin #0 (192.111.144.6:51571) logged in
 4:57:38 Rad uses modified data file
 4:57:38 BattlEye Server: Player #0 Rad (121.73.37.174:2304) connected
 4:57:38 Player Rad connecting.
 4:57:38 Mission DayZ Epoch Chernarus read from bank.
 4:57:40 BattlEye Server: Player #0 Rad - GUID: 885c579ee12c4ddf77aaac565b2b3290 (unverified)
 4:57:40 BattlEye Server: Player #0 Rad - Legacy GUID: 03f93f12a57aefa54029cc3dc438d7a9
 4:57:41 Player Rad connected (id=76561198032047520).
 4:57:41 BattlEye Server: Verified GUID (885c579ee12c4ddf77aaac565b2b3290) of player #0 Rad
 4:57:45 Roles assigned.
 4:57:45 Reading mission ...
 4:57:56 Mission read.
 4:58:46 Game started.
 5:03:17 BattlEye Server: RCon admin #0 (192.111.144.6:51571) logged in
 5:04:01 BattlEye Server: RCon admin #0 (192.111.144.6:51571) logged in
10:23:37 BattlEye Server: Initialized (v1.195)
10:23:37 Host identity created.
10:23:45 BattlEye Server: RCon admin #0 (192.111.144.6:57490) logged in
10:50:05 BattlEye Server: Initialized (v1.195)
10:50:05 Host identity created.
10:50:14 BattlEye Server: RCon admin #0 (192.111.144.6:61527) logged in
10:56:36 BattlEye Server: Initialized (v1.195)
10:56:36 Host identity created.
10:56:45 BattlEye Server: RCon admin #0 (192.111.144.6:52340) logged in
13:24:47 BattlEye Server: Initialized (v1.195)
13:24:47 Host identity created.
13:24:57 BattlEye Server: RCon admin #0 (192.111.144.6:64701) logged in
13:25:51 Rad uses modified data file
13:25:51 BattlEye Server: Player #0 Rad (121.73.37.174:2304) connected
13:25:51 Player Rad connecting.
13:25:51 Mission DayZ Epoch Chernarus read from bank.
13:25:53 BattlEye Server: Player #0 Rad - GUID: 885c579ee12c4ddf77aaac565b2b3290 (unverified)
13:25:53 BattlEye Server: Player #0 Rad - Legacy GUID: 03f93f12a57aefa54029cc3dc438d7a9
13:25:53 Player Rad connected (id=76561198032047520).
13:25:53 BattlEye Server: Verified GUID (885c579ee12c4ddf77aaac565b2b3290) of player #0 Rad
13:25:54 Player Rad disconnected.
13:25:54 BattlEye Server: Player #0 Rad disconnected
13:25:54 All users disconnected, waiting for users.
13:45:13 BattlEye Server: Initialized (v1.195)
13:45:13 Host identity created.
13:45:23 BattlEye Server: RCon admin #0 (192.111.144.6:59069) logged in
13:48:45 Rad uses modified data file
13:48:45 BattlEye Server: Player #0 Rad (121.73.37.174:2304) connected
13:48:45 Player Rad connecting.
13:48:46 Mission DayZ Epoch Chernarus read from bank.
13:48:47 BattlEye Server: Player #0 Rad - GUID: 885c579ee12c4ddf77aaac565b2b3290 (unverified)
13:48:47 Player Rad connected (id=76561198032047520).
13:48:47 BattlEye Server: Verified GUID (885c579ee12c4ddf77aaac565b2b3290) of player #0 Rad
13:48:47 BattlEye Server: Player #0 Rad - Legacy GUID: 03f93f12a57aefa54029cc3dc438d7a9
13:48:53 Roles assigned.
13:48:53 Reading mission ...
13:49:03 Mission read.
13:49:37 Game started.
13:50:46 Casey uses modified data file
13:50:46 BattlEye Server: Player #1 Casey (71.68.252.4:2304) connected
13:50:46 Player Casey connecting.
13:50:48 BattlEye Server: Player #1 Casey - GUID: af56b9358cc720f5766fdfbd454aae76 (unverified)
13:50:48 BattlEye Server: Player #1 Casey - Legacy GUID: 72aa2c0a684dcc09239c9c93272391c8
13:50:48 Player Casey connected (id=76561198134898961).
13:50:48 BattlEye Server: Verified GUID (af56b9358cc720f5766fdfbd454aae76) of player #1 Casey
13:51:25 BattlEye Server: RCon admin #0 (192.111.144.6:59069) logged in
13:52:04 Player Casey disconnected.
13:52:04 BattlEye Server: Player #1 Casey disconnected
13:56:47 BattlEye Server: Initialized (v1.195)
13:56:47 Host identity created.
13:56:57 BattlEye Server: RCon admin #0 (192.111.144.6:54266) logged in
13:58:44 Casey uses modified data file
13:58:44 BattlEye Server: Player #0 Casey (71.68.252.4:2304) connected
13:58:44 Player Casey connecting.
13:58:44 Mission DayZ Epoch Chernarus read from bank.
13:58:45 BattlEye Server: Player #0 Casey - GUID: af56b9358cc720f5766fdfbd454aae76 (unverified)
13:58:46 Player Casey connected (id=76561198134898961).
13:58:46 BattlEye Server: Verified GUID (af56b9358cc720f5766fdfbd454aae76) of player #0 Casey
13:58:46 BattlEye Server: Player #0 Casey - Legacy GUID: 72aa2c0a684dcc09239c9c93272391c8
13:58:49 Roles assigned.
13:58:49 Reading mission ...
13:58:59 Mission read.
14:01:09 Game started.
14:04:28 Player Casey disconnected.
14:04:28 BattlEye Server: Player #0 Casey disconnected
14:05:26 Casey uses modified data file
14:05:26 BattlEye Server: Player #0 Casey (71.68.252.4:2304) connected
14:05:26 Player Casey connecting.
14:05:27 BattlEye Server: Player #0 Casey - GUID: af56b9358cc720f5766fdfbd454aae76 (unverified)
14:05:27 Player Casey connected (id=76561198134898961).
14:05:27 BattlEye Server: Verified GUID (af56b9358cc720f5766fdfbd454aae76) of player #0 Casey
14:05:28 BattlEye Server: Player #0 Casey - Legacy GUID: 72aa2c0a684dcc09239c9c93272391c8
14:05:39 Rad uses modified data file
14:05:39 BattlEye Server: Player #1 Rad (121.73.37.174:2304) connected
14:05:39 Player Rad connecting.
14:05:40 BattlEye Server: Player #1 Rad - GUID: 885c579ee12c4ddf77aaac565b2b3290 (unverified)
14:05:40 Player Rad connected (id=76561198032047520).
14:05:41 BattlEye Server: Verified GUID (885c579ee12c4ddf77aaac565b2b3290) of player #1 Rad
14:05:41 BattlEye Server: Player #1 Rad - Legacy GUID: 03f93f12a57aefa54029cc3dc438d7a9
14:12:59 BattlEye Server: Initialized (v1.195)
14:12:59 Host identity created.
14:13:08 BattlEye Server: RCon admin #0 (192.111.144.6:50561) logged in
14:14:07 Rad uses modified data file
14:14:07 BattlEye Server: Player #0 Rad (121.73.37.174:2304) connected
14:14:07 Player Rad connecting.
14:14:07 Mission DayZ Epoch Chernarus read from bank.
14:14:09 BattlEye Server: Player #0 Rad - GUID: 885c579ee12c4ddf77aaac565b2b3290 (unverified)
14:14:09 Player Rad connected (id=76561198032047520).
14:14:09 BattlEye Server: Verified GUID (885c579ee12c4ddf77aaac565b2b3290) of player #0 Rad
14:14:09 BattlEye Server: Player #0 Rad - Legacy GUID: 03f93f12a57aefa54029cc3dc438d7a9
14:14:14 Roles assigned.
14:14:14 Reading mission ...
14:14:24 Mission read.
14:16:54 Game started.
14:18:10 Player Rad disconnected.
14:18:10 BattlEye Server: Player #0 Rad disconnected
14:22:43 BattlEye Server: Initialized (v1.195)
14:22:43 Host identity created.
14:22:52 BattlEye Server: RCon admin #0 (192.111.144.6:62997) logged in
14:23:45 Rad uses modified data file
14:23:45 BattlEye Server: Player #0 Rad (121.73.37.174:2304) connected
14:23:45 Player Rad connecting.
14:23:46 Mission DayZ Epoch Chernarus read from bank.
14:23:47 BattlEye Server: Player #0 Rad - GUID: 885c579ee12c4ddf77aaac565b2b3290 (unverified)
14:23:47 Player Rad connected (id=76561198032047520).
14:23:48 BattlEye Server: Verified GUID (885c579ee12c4ddf77aaac565b2b3290) of player #0 Rad
14:23:48 BattlEye Server: Player #0 Rad - Legacy GUID: 03f93f12a57aefa54029cc3dc438d7a9
14:23:55 Roles assigned.
14:23:55 Reading mission ...
14:24:05 Mission read.
14:24:37 Game started.
14:26:20 Player Rad disconnected.
14:26:20 BattlEye Server: Player #0 Rad disconnected
14:33:14 BattlEye Server: Initialized (v1.195)
14:33:14 Host identity created.
14:33:23 BattlEye Server: RCon admin #0 (192.111.144.6:59871) logged in
14:34:05 Rad uses modified data file
14:34:05 BattlEye Server: Player #0 Rad (121.73.37.174:2304) connected
14:34:05 Player Rad connecting.
14:34:05 Mission DayZ Epoch Chernarus read from bank.
14:34:07 BattlEye Server: Player #0 Rad - GUID: 885c579ee12c4ddf77aaac565b2b3290 (unverified)
14:34:07 BattlEye Server: Player #0 Rad - Legacy GUID: 03f93f12a57aefa54029cc3dc438d7a9
14:34:13 Player Rad connected (id=76561198032047520).
14:34:13 BattlEye Server: Verified GUID (885c579ee12c4ddf77aaac565b2b3290) of player #0 Rad
14:34:37 Roles assigned.
14:34:37 Reading mission ...
14:34:47 Mission read.
14:35:19 Game started.
14:35:44 Player Rad disconnected.
14:35:44 BattlEye Server: Player #0 Rad disconnected
14:37:28 Rad uses modified data file
14:37:28 BattlEye Server: Player #0 Rad (121.73.37.174:2304) connected
14:37:28 Player Rad connecting.
14:37:33 BattlEye Server: Player #0 Rad - GUID: 885c579ee12c4ddf77aaac565b2b3290 (unverified)
14:37:33 BattlEye Server: Player #0 Rad - Legacy GUID: 03f93f12a57aefa54029cc3dc438d7a9
14:37:33 Player Rad connected (id=76561198032047520).
14:37:33 BattlEye Server: Verified GUID (885c579ee12c4ddf77aaac565b2b3290) of player #0 Rad
14:38:45 Player Rad kicked off by BattlEye: Client not responding
14:38:45 Player Rad disconnected.
14:40:41 BattlEye Server: Initialized (v1.195)
14:40:41 Host identity created.
14:42:29 BattlEye Server: Initialized (v1.195)
14:42:29 Host identity created.
14:42:38 BattlEye Server: RCon admin #0 (192.111.144.6:49215) logged in
14:43:16 Rad uses modified data file
14:43:16 BattlEye Server: Player #0 Rad (121.73.37.174:2304) connected
14:43:16 Player Rad connecting.
14:43:16 Mission DayZ Epoch Chernarus read from bank.
14:43:17 BattlEye Server: Player #0 Rad - GUID: 885c579ee12c4ddf77aaac565b2b3290 (unverified)
14:43:18 Player Rad connected (id=76561198032047520).
14:43:18 BattlEye Server: Verified GUID (885c579ee12c4ddf77aaac565b2b3290) of player #0 Rad
14:43:18 BattlEye Server: Player #0 Rad - Legacy GUID: 03f93f12a57aefa54029cc3dc438d7a9
14:43:24 Roles assigned.
14:43:24 Reading mission ...
14:43:34 Mission read.
14:44:08 Game started.
14:48:46 Player Rad disconnected.
14:48:46 BattlEye Server: Player #0 Rad disconnected
14:52:53 BattlEye Server: Initialized (v1.195)
14:52:53 Host identity created.
14:53:03 BattlEye Server: RCon admin #0 (192.111.144.6:54555) logged in
14:53:39 Rad uses modified data file
14:53:39 BattlEye Server: Player #0 Rad (121.73.37.174:2304) connected
14:53:39 Player Rad connecting.
14:53:39 Mission DayZ Epoch Chernarus read from bank.
14:53:41 BattlEye Server: Player #0 Rad - GUID: 885c579ee12c4ddf77aaac565b2b3290 (unverified)
14:53:41 Player Rad connected (id=76561198032047520).
14:53:41 BattlEye Server: Verified GUID (885c579ee12c4ddf77aaac565b2b3290) of player #0 Rad
14:53:41 BattlEye Server: Player #0 Rad - Legacy GUID: 03f93f12a57aefa54029cc3dc438d7a9
14:53:48 Roles assigned.
14:53:48 Reading mission ...
14:53:58 Mission read.
14:54:35 Game started.
14:58:25 Casey uses modified data file
14:58:25 BattlEye Server: Player #1 Casey (71.68.252.4:2304) connected
14:58:25 Player Casey connecting.
14:58:26 BattlEye Server: Player #1 Casey - GUID: af56b9358cc720f5766fdfbd454aae76 (unverified)
14:58:26 Player Casey connected (id=76561198134898961).
14:58:26 BattlEye Server: Verified GUID (af56b9358cc720f5766fdfbd454aae76) of player #1 Casey
14:58:27 BattlEye Server: Player #1 Casey - Legacy GUID: 72aa2c0a684dcc09239c9c93272391c8
15:00:43 Player Casey disconnected.
15:00:43 BattlEye Server: Player #1 Casey disconnected
15:09:48 BattlEye Server: Initialized (v1.195)
15:09:48 Host identity created.
15:09:57 BattlEye Server: RCon admin #0 (192.111.144.6:64765) logged in
15:10:32 Rad uses modified data file
15:10:32 BattlEye Server: Player #0 Rad (121.73.37.174:2304) connected
15:10:32 Player Rad connecting.
15:10:32 Mission DayZ Epoch Chernarus read from bank.
15:10:34 BattlEye Server: Player #0 Rad - GUID: 885c579ee12c4ddf77aaac565b2b3290 (unverified)
15:10:34 BattlEye Server: Player #0 Rad - Legacy GUID: 03f93f12a57aefa54029cc3dc438d7a9
15:10:39 Player Rad disconnected.
15:10:39 BattlEye Server: Player #0 Rad disconnected
15:10:39 All users disconnected, waiting for users.
15:11:31 Rad uses modified data file
15:11:31 BattlEye Server: Player #0 Rad (121.73.37.174:2304) connected
15:11:32 Player Rad connecting.
15:11:32 Mission DayZ Epoch Chernarus read from bank.
15:11:33 BattlEye Server: Player #0 Rad - GUID: 885c579ee12c4ddf77aaac565b2b3290 (unverified)
15:11:34 BattlEye Server: Player #0 Rad - Legacy GUID: 03f93f12a57aefa54029cc3dc438d7a9
15:11:41 Player Rad connected (id=76561198032047520).
15:11:41 BattlEye Server: Verified GUID (885c579ee12c4ddf77aaac565b2b3290) of player #0 Rad
15:11:47 Roles assigned.
15:11:47 Reading mission ...
15:11:57 Mission read.
15:12:34 Player Rad disconnected.
15:12:34 BattlEye Server: Player #0 Rad disconnected
15:12:34 All users disconnected, waiting for users.
15:13:36 Rad uses modified data file
15:13:36 BattlEye Server: Player #0 Rad (121.73.37.174:2304) connected
15:13:36 Player Rad connecting.
15:13:37 Mission DayZ Epoch Chernarus read from bank.
15:13:39 BattlEye Server: Player #0 Rad - GUID: 885c579ee12c4ddf77aaac565b2b3290 (unverified)
15:13:39 BattlEye Server: Player #0 Rad - Legacy GUID: 03f93f12a57aefa54029cc3dc438d7a9
15:13:48 Player Rad disconnected.
15:13:48 BattlEye Server: Player #0 Rad disconnected
15:13:48 All users disconnected, waiting for users.
15:16:04 Rad uses modified data file
15:16:04 BattlEye Server: Player #0 Rad (121.73.37.174:2304) connected
15:16:04 Player Rad connecting.
15:16:05 Mission DayZ Epoch Chernarus read from bank.
15:16:06 BattlEye Server: Player #0 Rad - GUID: 885c579ee12c4ddf77aaac565b2b3290 (unverified)
15:16:06 BattlEye Server: Player #0 Rad - Legacy GUID: 03f93f12a57aefa54029cc3dc438d7a9
15:16:09 Player Rad connected (id=76561198032047520).
15:16:09 BattlEye Server: Verified GUID (885c579ee12c4ddf77aaac565b2b3290) of player #0 Rad
15:16:17 Roles assigned.
15:16:17 Reading mission ...
15:16:18 Mission read.
15:17:31 Game started.
15:17:40 Player Rad disconnected.
15:17:40 BattlEye Server: Player #0 Rad disconnected
15:21:12 BattlEye Server: Initialized (v1.195)
15:21:12 Host identity created.
15:21:21 BattlEye Server: RCon admin #0 (192.111.144.6:57424) logged in
15:21:52 Rad uses modified data file
15:21:52 BattlEye Server: Player #0 Rad (121.73.37.174:2304) connected
15:21:52 Player Rad connecting.
15:21:52 Mission DayZ Epoch Chernarus read from bank.
15:21:54 BattlEye Server: Player #0 Rad - GUID: 885c579ee12c4ddf77aaac565b2b3290 (unverified)
15:21:54 BattlEye Server: Player #0 Rad - Legacy GUID: 03f93f12a57aefa54029cc3dc438d7a9
15:22:00 Player Rad connected (id=76561198032047520).
15:22:00 BattlEye Server: Verified GUID (885c579ee12c4ddf77aaac565b2b3290) of player #0 Rad
15:22:07 Roles assigned.
15:22:07 Reading mission ...
15:22:17 Mission read.
15:22:56 Game started.
15:23:30 Player Rad disconnected.
15:23:30 BattlEye Server: Player #0 Rad disconnected
15:29:47 BattlEye Server: Initialized (v1.195)
15:29:47 Host identity created.
15:29:56 BattlEye Server: RCon admin #0 (192.111.144.6:53279) logged in
15:30:45 Rad uses modified data file
15:30:45 BattlEye Server: Player #0 Rad (121.73.37.174:2304) connected
15:30:45 Player Rad connecting.
15:30:46 Mission DayZ Epoch Chernarus read from bank.
15:30:47 BattlEye Server: Player #0 Rad - GUID: 885c579ee12c4ddf77aaac565b2b3290 (unverified)
15:30:48 BattlEye Server: Player #0 Rad - Legacy GUID: 03f93f12a57aefa54029cc3dc438d7a9
15:31:12 Player Rad connected (id=76561198032047520).
15:31:12 BattlEye Server: Verified GUID (885c579ee12c4ddf77aaac565b2b3290) of player #0 Rad
15:31:32 Player Rad disconnected.
15:31:32 BattlEye Server: Player #0 Rad disconnected
15:31:32 All users disconnected, waiting for users.
15:32:33 Rad uses modified data file
15:32:33 BattlEye Server: Player #0 Rad (121.73.37.174:2304) connected
15:32:33 Player Rad connecting.
15:32:33 Mission DayZ Epoch Chernarus read from bank.
15:32:36 BattlEye Server: Player #0 Rad - Legacy GUID: 03f93f12a57aefa54029cc3dc438d7a9
15:32:36 BattlEye Server: Player #0 Rad - GUID: 885c579ee12c4ddf77aaac565b2b3290 (unverified)
15:32:40 Player Rad disconnected.
15:32:40 BattlEye Server: Player #0 Rad disconnected
15:32:40 All users disconnected, waiting for users.
15:33:23 BattlEye Server: Initialized (v1.195)
15:33:24 Host identity created.
15:33:33 BattlEye Server: RCon admin #0 (192.111.144.6:62363) logged in
15:34:32 Rad uses modified data file
15:34:32 BattlEye Server: Player #0 Rad (121.73.37.174:2304) connected
15:34:32 Player Rad connecting.
15:34:32 Mission DayZ Epoch Chernarus read from bank.
15:34:34 BattlEye Server: Player #0 Rad - GUID: 885c579ee12c4ddf77aaac565b2b3290 (unverified)
15:34:34 Player Rad connected (id=76561198032047520).
15:34:34 BattlEye Server: Verified GUID (885c579ee12c4ddf77aaac565b2b3290) of player #0 Rad
15:34:34 BattlEye Server: Player #0 Rad - Legacy GUID: 03f93f12a57aefa54029cc3dc438d7a9
15:34:40 Roles assigned.
15:34:40 Reading mission ...
15:34:50 Mission read.
15:35:54 Game started.
16:14:10 BattlEye Server: Initialized (v1.195)
16:14:10 Host identity created.
16:14:18 BattlEye Server: RCon admin #0 (192.111.144.6:64398) logged in
16:16:11 Rad uses modified data file
16:16:11 BattlEye Server: Player #0 Rad (121.73.37.174:2304) connected
16:16:11 Player Rad connecting.
16:16:11 Mission DayZ Epoch Chernarus read from bank.
16:16:13 BattlEye Server: Player #0 Rad - GUID: 885c579ee12c4ddf77aaac565b2b3290 (unverified)
16:16:13 Player Rad connected (id=76561198032047520).
16:16:13 BattlEye Server: Verified GUID (885c579ee12c4ddf77aaac565b2b3290) of player #0 Rad
16:16:13 BattlEye Server: Player #0 Rad - Legacy GUID: 03f93f12a57aefa54029cc3dc438d7a9
16:16:21 Roles assigned.
16:16:21 Reading mission ...
16:16:31 Mission read.
16:17:14 Game started.
17:11:37 BattlEye Server: Initialized (v1.195)
17:11:37 Host identity created.
17:11:46 BattlEye Server: RCon admin #0 (192.111.144.6:49217) logged in
17:13:06 Rad uses modified data file
17:13:06 BattlEye Server: Player #0 Rad (121.73.37.174:2304) connected
17:13:06 Player Rad connecting.
17:13:07 Mission DayZ Epoch Chernarus read from bank.
17:13:08 BattlEye Server: Player #0 Rad - GUID: 885c579ee12c4ddf77aaac565b2b3290 (unverified)
17:13:08 Player Rad connected (id=76561198032047520).
17:13:08 BattlEye Server: Verified GUID (885c579ee12c4ddf77aaac565b2b3290) of player #0 Rad
17:13:09 BattlEye Server: Player #0 Rad - Legacy GUID: 03f93f12a57aefa54029cc3dc438d7a9
17:13:14 Roles assigned.
17:13:14 Reading mission ...
17:13:24 Mission read.
17:16:01 Game started.
17:29:46 Player Rad disconnected.
17:29:46 BattlEye Server: Player #0 Rad disconnected
17:30:27 Rad uses modified data file
17:30:27 BattlEye Server: Player #0 Rad (121.73.37.174:2304) connected
17:30:27 Player Rad connecting.
17:30:29 BattlEye Server: Player #0 Rad - GUID: 885c579ee12c4ddf77aaac565b2b3290 (unverified)
17:30:29 Player Rad connected (id=76561198032047520).
17:30:29 BattlEye Server: Verified GUID (885c579ee12c4ddf77aaac565b2b3290) of player #0 Rad
17:30:29 BattlEye Server: Player #0 Rad - Legacy GUID: 03f93f12a57aefa54029cc3dc438d7a9
17:33:29 Player Rad disconnected.
17:33:29 BattlEye Server: Player #0 Rad disconnected
18:03:09 Casey uses modified data file
18:03:09 BattlEye Server: Player #0 Casey (71.68.252.4:2304) connected
18:03:09 Player Casey connecting.
18:03:10 BattlEye Server: Player #0 Casey - GUID: af56b9358cc720f5766fdfbd454aae76 (unverified)
18:03:10 Player Casey connected (id=76561198134898961).
18:03:10 BattlEye Server: Verified GUID (af56b9358cc720f5766fdfbd454aae76) of player #0 Casey
18:03:11 BattlEye Server: Player #0 Casey - Legacy GUID: 72aa2c0a684dcc09239c9c93272391c8
18:12:36 BattlEye Server: Initialized (v1.195)
18:12:36 Host identity created.
18:12:45 BattlEye Server: RCon admin #0 (192.111.144.6:59123) logged in
18:13:26 Casey uses modified data file
18:13:26 BattlEye Server: Player #0 Casey (71.68.252.4:2304) connected
18:13:26 Player Casey connecting.
18:13:26 Mission DayZ Epoch Chernarus read from bank.
18:13:27 BattlEye Server: Player #0 Casey - GUID: af56b9358cc720f5766fdfbd454aae76 (unverified)
18:13:28 Player Casey connected (id=76561198134898961).
18:13:28 BattlEye Server: Verified GUID (af56b9358cc720f5766fdfbd454aae76) of player #0 Casey
18:13:28 BattlEye Server: Player #0 Casey - Legacy GUID: 72aa2c0a684dcc09239c9c93272391c8
18:13:33 Roles assigned.
18:13:33 Reading mission ...
18:13:43 Mission read.
18:14:15 Game started.
18:16:31 BattlEye Server: Initialized (v1.195)
18:16:31 Host identity created.
18:16:41 BattlEye Server: RCon admin #0 (192.111.144.6:54322) logged in
18:19:46 BattlEye Server: Initialized (v1.195)
18:19:46 Host identity created.
18:19:56 BattlEye Server: RCon admin #0 (192.111.144.6:64559) logged in
18:20:25 Casey uses modified data file
18:20:25 BattlEye Server: Player #0 Casey (71.68.252.4:2304) connected
18:20:25 Player Casey connecting.
18:20:25 Mission DayZ Epoch Chernarus read from bank.
18:20:26 BattlEye Server: Player #0 Casey - GUID: af56b9358cc720f5766fdfbd454aae76 (unverified)
18:20:26 Player Casey connected (id=76561198134898961).
18:20:26 BattlEye Server: Verified GUID (af56b9358cc720f5766fdfbd454aae76) of player #0 Casey
18:20:27 BattlEye Server: Player #0 Casey - Legacy GUID: 72aa2c0a684dcc09239c9c93272391c8
18:20:31 Roles assigned.
18:20:31 Reading mission ...
18:20:41 Mission read.
18:21:14 Game started.
18:31:23 Player Casey disconnected.
18:31:23 BattlEye Server: Player #0 Casey disconnected
18:35:18 BattlEye Server: Initialized (v1.195)
18:35:18 Host identity created.
18:35:28 BattlEye Server: RCon admin #0 (192.111.144.6:56995) logged in
18:36:19 Casey uses modified data file
18:36:19 BattlEye Server: Player #0 Casey (71.68.252.4:2304) connected
18:36:19 Player Casey connecting.
18:36:19 Mission DayZ Epoch Chernarus read from bank.
18:36:20 BattlEye Server: Player #0 Casey - GUID: af56b9358cc720f5766fdfbd454aae76 (unverified)
18:36:21 Player Casey connected (id=76561198134898961).
18:36:21 BattlEye Server: Verified GUID (af56b9358cc720f5766fdfbd454aae76) of player #0 Casey
18:36:21 BattlEye Server: Player #0 Casey - Legacy GUID: 72aa2c0a684dcc09239c9c93272391c8
18:36:24 Roles assigned.
18:36:24 Reading mission ...
18:36:34 Mission read.
18:37:04 Game started.
18:37:10 Rad uses modified data file
18:37:10 BattlEye Server: Player #1 Rad (121.73.37.174:2304) connected
18:37:10 Player Rad connecting.
18:37:11 BattlEye Server: Player #1 Rad - GUID: 885c579ee12c4ddf77aaac565b2b3290 (unverified)
18:37:11 Player Rad connected (id=76561198032047520).
18:37:11 BattlEye Server: Verified GUID (885c579ee12c4ddf77aaac565b2b3290) of player #1 Rad
18:37:12 BattlEye Server: Player #1 Rad - Legacy GUID: 03f93f12a57aefa54029cc3dc438d7a9
18:40:20 Player Rad disconnected.
18:40:20 BattlEye Server: Player #1 Rad disconnected
18:47:45 BattlEye Server: Initialized (v1.195)
18:47:45 Host identity created.
18:47:55 BattlEye Server: RCon admin #0 (192.111.144.6:49580) logged in
18:48:14 Rad uses modified data file
18:48:14 BattlEye Server: Player #0 Rad (121.73.37.174:2304) connected
18:48:14 Player Rad connecting.
18:48:14 Mission DayZ Epoch Chernarus read from bank.
18:48:16 BattlEye Server: Player #0 Rad - GUID: 885c579ee12c4ddf77aaac565b2b3290 (unverified)
18:48:16 BattlEye Server: Player #0 Rad - Legacy GUID: 03f93f12a57aefa54029cc3dc438d7a9
18:48:16 Player Rad connected (id=76561198032047520).
18:48:16 BattlEye Server: Verified GUID (885c579ee12c4ddf77aaac565b2b3290) of player #0 Rad
18:48:25 Roles assigned.
18:48:25 Reading mission ...
18:48:34 Mission read.
18:48:35 Casey uses modified data file
18:48:35 BattlEye Server: Player #1 Casey (71.68.252.4:2304) connected
18:48:35 Player Casey connecting.
18:48:35 BattlEye Server: Player #1 Casey - GUID: af56b9358cc720f5766fdfbd454aae76 (unverified)
18:49:06 Player Casey connected (id=76561198134898961).
18:49:07 BattlEye Server: Verified GUID (af56b9358cc720f5766fdfbd454aae76) of player #1 Casey
18:49:07 BattlEye Server: Player #1 Casey - Legacy GUID: 72aa2c0a684dcc09239c9c93272391c8
18:49:54 Game started.
18:50:48 Player Casey disconnected.
18:50:48 BattlEye Server: Player #1 Casey disconnected
18:51:03 Player Rad disconnected.
18:51:03 BattlEye Server: Player #0 Rad disconnected
18:55:05 BattlEye Server: Initialized (v1.195)
18:55:05 Host identity created.
18:55:14 BattlEye Server: RCon admin #0 (192.111.144.6:55691) logged in
18:55:54 Rad uses modified data file
18:55:54 BattlEye Server: Player #0 Rad (121.73.37.174:2304) connected
18:55:54 Player Rad connecting.
18:55:54 Mission DayZ Epoch Chernarus read from bank.
18:55:56 BattlEye Server: Player #0 Rad - GUID: 885c579ee12c4ddf77aaac565b2b3290 (unverified)
18:55:56 Player Rad connected (id=76561198032047520).
18:55:56 BattlEye Server: Verified GUID (885c579ee12c4ddf77aaac565b2b3290) of player #0 Rad
18:55:56 BattlEye Server: Player #0 Rad - Legacy GUID: 03f93f12a57aefa54029cc3dc438d7a9
18:56:01 Roles assigned.
18:56:01 Reading mission ...
18:56:11 Mission read.
18:56:48 Game started.
18:59:29 Player Rad disconnected.
18:59:29 BattlEye Server: Player #0 Rad disconnected
 0:43:32 Rad uses modified data file
 0:43:32 BattlEye Server: Player #0 Rad (121.73.37.174:2304) connected
 0:43:32 Player Rad connecting.
 0:43:33 BattlEye Server: Player #0 Rad - GUID: 885c579ee12c4ddf77aaac565b2b3290 (unverified)
 0:43:33 Player Rad connected (id=76561198032047520).
 0:43:33 BattlEye Server: Verified GUID (885c579ee12c4ddf77aaac565b2b3290) of player #0 Rad
 0:43:34 BattlEye Server: Player #0 Rad - Legacy GUID: 03f93f12a57aefa54029cc3dc438d7a9
 0:43:39 Player Rad disconnected.
 0:43:39 BattlEye Server: Player #0 Rad disconnected
 0:44:50 Rad uses modified data file
 0:44:50 BattlEye Server: Player #0 Rad (121.73.37.174:2304) connected
 0:44:50 Player Rad connecting.
 0:44:51 BattlEye Server: Player #0 Rad - GUID: 885c579ee12c4ddf77aaac565b2b3290 (unverified)
 0:44:52 Player Rad connected (id=76561198032047520).
 0:44:52 BattlEye Server: Verified GUID (885c579ee12c4ddf77aaac565b2b3290) of player #0 Rad
 0:44:53 BattlEye Server: Player #0 Rad - Legacy GUID: 03f93f12a57aefa54029cc3dc438d7a9
 0:47:44 Player Rad disconnected.
 0:47:44 BattlEye Server: Player #0 Rad disconnected
 1:15:28 BattlEye Server: Initialized (v1.195)
 1:15:28 Host identity created.
 1:15:38 BattlEye Server: RCon admin #0 (192.111.144.6:54031) logged in
 1:16:18 Rad uses modified data file
 1:16:18 BattlEye Server: Player #0 Rad (121.73.37.174:2304) connected
 1:16:18 Player Rad connecting.
 1:16:18 Mission DayZ Epoch Chernarus read from bank.
 1:16:20 BattlEye Server: Player #0 Rad - GUID: 885c579ee12c4ddf77aaac565b2b3290 (unverified)
 1:16:20 Player Rad connected (id=76561198032047520).
 1:16:20 BattlEye Server: Verified GUID (885c579ee12c4ddf77aaac565b2b3290) of player #0 Rad
 1:16:20 BattlEye Server: Player #0 Rad - Legacy GUID: 03f93f12a57aefa54029cc3dc438d7a9
 1:16:25 Roles assigned.
 1:16:25 Reading mission ...
 1:16:35 Mission read.
 1:19:17 Game started.
 1:20:57 Player Rad disconnected.
 1:20:57 BattlEye Server: Player #0 Rad disconnected
 2:18:28 BattlEye Server: Initialized (v1.195)
 2:18:28 Host identity created.
 2:18:36 BattlEye Server: RCon admin #0 (192.111.144.6:64301) logged in
 2:24:41 BattlEye Server: Initialized (v1.195)
 2:24:41 Host identity created.
 2:24:50 BattlEye Server: RCon admin #0 (192.111.144.6:53208) logged in
 2:25:36 Rad uses modified data file
 2:25:36 BattlEye Server: Player #0 Rad (121.73.37.174:2304) connected
 2:25:36 Player Rad connecting.
 2:25:37 Mission DayZ Epoch Chernarus read from bank.
 2:25:38 BattlEye Server: Player #0 Rad - GUID: 885c579ee12c4ddf77aaac565b2b3290 (unverified)
 2:25:39 Player Rad connected (id=76561198032047520).
 2:25:39 BattlEye Server: Verified GUID (885c579ee12c4ddf77aaac565b2b3290) of player #0 Rad
 2:25:39 BattlEye Server: Player #0 Rad - Legacy GUID: 03f93f12a57aefa54029cc3dc438d7a9
 2:25:47 Roles assigned.
 2:25:47 Reading mission ...
 2:25:57 Mission read.
 2:26:33 Game started.
 2:32:53 BattlEye Server: Initialized (v1.195)
 2:32:53 Host identity created.
 2:33:02 BattlEye Server: RCon admin #0 (192.111.144.6:52246) logged in
 2:39:50 BattlEye Server: Initialized (v1.195)
 2:39:50 Host identity created.
 2:40:00 BattlEye Server: RCon admin #0 (192.111.144.6:61469) logged in
 2:41:38 BattlEye Server: Initialized (v1.195)
 2:41:38 Host identity created.
 2:41:47 BattlEye Server: RCon admin #0 (192.111.144.6:61470) logged in
 2:42:54 Rad uses modified data file
 2:42:54 BattlEye Server: Player #0 Rad (121.73.37.174:2304) connected
 2:42:54 Player Rad connecting.
 2:42:54 Mission DayZ Epoch Chernarus read from bank.
 2:42:55 BattlEye Server: Player #0 Rad - GUID: 885c579ee12c4ddf77aaac565b2b3290 (unverified)
 2:42:56 Player Rad connected (id=76561198032047520).
 2:42:56 BattlEye Server: Verified GUID (885c579ee12c4ddf77aaac565b2b3290) of player #0 Rad
 2:42:56 BattlEye Server: Player #0 Rad - Legacy GUID: 03f93f12a57aefa54029cc3dc438d7a9
 2:43:01 Roles assigned.
 2:43:01 Reading mission ...
 2:43:11 Mission read.
 2:44:01 Game started.
 2:46:01 Player Rad disconnected.
 2:46:01 BattlEye Server: Player #0 Rad disconnected
15:35:02 BattlEye Server: Initialized (v1.195)
15:35:02 Host identity created.
15:35:12 BattlEye Server: RCon admin #0 (192.111.144.6:54029) logged in
15:36:39 Rad uses modified data file
15:36:39 BattlEye Server: Player #0 Rad (121.73.37.174:2304) connected
15:36:39 Player Rad connecting.
15:36:40 Mission DayZ Epoch Chernarus read from bank.
15:36:41 BattlEye Server: Player #0 Rad - GUID: 885c579ee12c4ddf77aaac565b2b3290 (unverified)
15:36:42 Player Rad connected (id=76561198032047520).
15:36:42 BattlEye Server: Verified GUID (885c579ee12c4ddf77aaac565b2b3290) of player #0 Rad
15:36:42 BattlEye Server: Player #0 Rad - Legacy GUID: 03f93f12a57aefa54029cc3dc438d7a9
15:36:46 Roles assigned.
15:36:46 Reading mission ...
15:36:56 Mission read.
15:38:08 Game started.
15:40:27 Player Rad disconnected.
15:40:27 BattlEye Server: Player #0 Rad disconnected
17:42:36 BattlEye Server: Initialized (v1.195)
17:42:36 Host identity created.
17:42:46 BattlEye Server: RCon admin #0 (192.111.144.6:62914) logged in
17:43:31 Casey uses modified data file
17:43:31 BattlEye Server: Player #0 Casey (71.68.252.4:2304) connected
17:43:31 Player Casey connecting.
17:43:31 Mission DayZ Epoch Chernarus read from bank.
17:43:32 BattlEye Server: Player #0 Casey - GUID: af56b9358cc720f5766fdfbd454aae76 (unverified)
17:43:33 Player Casey connected (id=76561198134898961).
17:43:33 BattlEye Server: Verified GUID (af56b9358cc720f5766fdfbd454aae76) of player #0 Casey
17:43:33 BattlEye Server: Player #0 Casey - Legacy GUID: 72aa2c0a684dcc09239c9c93272391c8
17:43:35 Roles assigned.
17:43:35 Reading mission ...
17:43:45 Mission read.
17:45:59 Game started.
18:05:40 the Guardian uses modified data file
18:05:40 BattlEye Server: Player #1 the Guardian (86.141.198.47:2304) connected
18:05:40 Player the Guardian connecting.
18:05:41 BattlEye Server: Player #1 the Guardian - GUID: 19b0dc960337e7df4d3b2866fdb383e9 (unverified)
18:05:42 Player the Guardian connected (id=76561198057928846).
18:05:42 BattlEye Server: Verified GUID (19b0dc960337e7df4d3b2866fdb383e9) of player #1 the Guardian
18:05:42 Player the Guardian disconnected.
18:05:42 BattlEye Server: Player #1 the Guardian disconnected
18:06:12 the Guardian uses modified data file
18:06:12 BattlEye Server: Player #1 the Guardian (86.141.198.47:2304) connected
18:06:12 Player the Guardian connecting.
18:06:13 BattlEye Server: Player #1 the Guardian - GUID: 19b0dc960337e7df4d3b2866fdb383e9 (unverified)
18:06:13 Player the Guardian connected (id=76561198057928846).
18:06:13 BattlEye Server: Verified GUID (19b0dc960337e7df4d3b2866fdb383e9) of player #1 the Guardian
18:06:14 Player the Guardian disconnected.
18:06:14 BattlEye Server: Player #1 the Guardian disconnected
18:10:36 the Guardian uses modified data file
18:10:36 BattlEye Server: Player #1 the Guardian (86.141.198.47:2304) connected
18:10:36 Player the Guardian connecting.
18:10:37 BattlEye Server: Player #1 the Guardian - GUID: 19b0dc960337e7df4d3b2866fdb383e9 (unverified)
18:10:37 Player the Guardian connected (id=76561198057928846).
18:10:37 BattlEye Server: Verified GUID (19b0dc960337e7df4d3b2866fdb383e9) of player #1 the Guardian
18:10:38 Player the Guardian disconnected.
18:10:38 BattlEye Server: Player #1 the Guardian disconnected
18:18:04 Tiadashi uses modified data file
18:18:04 BattlEye Server: Player #1 Tiadashi (96.247.226.29:2304) connected
18:18:04 Player Tiadashi connecting.
18:18:05 BattlEye Server: Player #1 Tiadashi - GUID: ba7597fbd587ece9e807face23916950 (unverified)
18:18:05 Player Tiadashi connected (id=76561198123632050).
18:18:05 BattlEye Server: Verified GUID (ba7597fbd587ece9e807face23916950) of player #1 Tiadashi
18:18:06 BattlEye Server: Player #1 Tiadashi - Legacy GUID: 8b4506e86dff8826a189c6a07436a687
18:22:17 the Guardian uses modified data file
18:22:17 BattlEye Server: Player #2 the Guardian (86.141.198.47:2304) connected
18:22:17 Player the Guardian connecting.
18:22:18 BattlEye Server: Player #2 the Guardian - GUID: 19b0dc960337e7df4d3b2866fdb383e9 (unverified)
18:22:18 Player the Guardian connected (id=76561198057928846).
18:22:18 BattlEye Server: Verified GUID (19b0dc960337e7df4d3b2866fdb383e9) of player #2 the Guardian
18:22:50 Player the Guardian kicked off by BattlEye: Client not responding
18:22:50 Player the Guardian disconnected.
18:23:10 the Guardian uses modified data file
18:23:10 BattlEye Server: Player #2 the Guardian (86.141.198.47:2304) connected
18:23:10 Player the Guardian connecting.
18:23:11 BattlEye Server: Player #2 the Guardian - GUID: 19b0dc960337e7df4d3b2866fdb383e9 (unverified)
18:23:11 Player the Guardian connected (id=76561198057928846).
18:23:11 BattlEye Server: Verified GUID (19b0dc960337e7df4d3b2866fdb383e9) of player #2 the Guardian
18:23:12 Player the Guardian disconnected.
18:23:12 BattlEye Server: Player #2 the Guardian disconnected
18:24:47 the Guardian uses modified data file
18:24:47 BattlEye Server: Player #2 the Guardian (86.141.198.47:2304) connected
18:24:47 Player the Guardian connecting.
18:24:48 BattlEye Server: Player #2 the Guardian - GUID: 19b0dc960337e7df4d3b2866fdb383e9 (unverified)
18:24:48 Player the Guardian connected (id=76561198057928846).
18:24:48 BattlEye Server: Verified GUID (19b0dc960337e7df4d3b2866fdb383e9) of player #2 the Guardian
18:24:52 Player the Guardian disconnected.
18:24:52 BattlEye Server: Player #2 the Guardian disconnected
18:25:00 the Guardian uses modified data file
18:25:00 BattlEye Server: Player #2 the Guardian (86.141.198.47:2304) connected
18:25:00 Player the Guardian connecting.
18:25:01 BattlEye Server: Player #2 the Guardian - GUID: 19b0dc960337e7df4d3b2866fdb383e9 (unverified)
18:25:01 Player the Guardian connected (id=76561198057928846).
18:25:01 BattlEye Server: Verified GUID (19b0dc960337e7df4d3b2866fdb383e9) of player #2 the Guardian
18:25:02 Player the Guardian disconnected.
18:25:02 BattlEye Server: Player #2 the Guardian disconnected
18:34:38 the Guardian uses modified data file
18:34:38 BattlEye Server: Player #2 the Guardian (86.141.198.47:2304) connected
18:34:38 Player the Guardian connecting.
18:34:39 BattlEye Server: Player #2 the Guardian - GUID: 19b0dc960337e7df4d3b2866fdb383e9 (unverified)
18:34:39 Player the Guardian connected (id=76561198057928846).
18:34:39 BattlEye Server: Verified GUID (19b0dc960337e7df4d3b2866fdb383e9) of player #2 the Guardian
18:34:40 BattlEye Server: Player #2 the Guardian - Legacy GUID: e75084fd6ecd3205d324da7fcf115cee
18:34:55 Asmodeus uses modified data file
18:34:55 BattlEye Server: Player #3 Asmodeus (98.22.76.150:61055) connected
18:34:55 Player Asmodeus connecting.
18:34:56 BattlEye Server: Player #3 Asmodeus - GUID: 2bfe21e85584f8f9df507342e6f360df (unverified)
18:34:57 BattlEye Server: Player #3 Asmodeus - Legacy GUID: 75b84532ff32054740747bd4bd5c3cfb
18:34:57 Player Asmodeus connected (id=76561197971013680).
18:34:57 BattlEye Server: Verified GUID (2bfe21e85584f8f9df507342e6f360df) of player #3 Asmodeus
18:34:58 Player Asmodeus disconnected.
18:34:58 BattlEye Server: Player #3 Asmodeus disconnected
18:36:03 Trobzing uses modified data file
18:36:03 BattlEye Server: Player #3 Trobzing (173.171.240.246:2304) connected
18:36:03 Player Trobzing connecting.
18:36:04 BattlEye Server: Player #3 Trobzing - GUID: 7791e161480f0bde9cabb33aed24e126 (unverified)
18:36:05 Player Trobzing connected (id=76561198068068752).
18:36:05 BattlEye Server: Verified GUID (7791e161480f0bde9cabb33aed24e126) of player #3 Trobzing
18:36:05 Player Trobzing disconnected.
18:36:05 BattlEye Server: Player #3 Trobzing disconnected
18:37:11 BattlEye Server: Player #2 the Guardian - Legacy GUID: e75084fd6ecd3205d324da7fcf115cee
18:38:43 Trobzing uses modified data file
18:38:43 BattlEye Server: Player #3 Trobzing (173.171.240.246:2304) connected
18:38:43 Player Trobzing connecting.
18:38:44 BattlEye Server: Player #3 Trobzing - GUID: 7791e161480f0bde9cabb33aed24e126 (unverified)
18:38:44 Player Trobzing connected (id=76561198068068752).
18:38:44 BattlEye Server: Verified GUID (7791e161480f0bde9cabb33aed24e126) of player #3 Trobzing
18:38:45 Player Trobzing disconnected.
18:38:45 BattlEye Server: Player #3 Trobzing disconnected
18:40:03 Trobzing uses modified data file
18:40:03 BattlEye Server: Player #3 Trobzing (173.171.240.246:2304) connected
18:40:03 Player Trobzing connecting.
18:40:04 BattlEye Server: Player #3 Trobzing - GUID: 7791e161480f0bde9cabb33aed24e126 (unverified)
18:40:04 Player Trobzing connected (id=76561198068068752).
18:40:04 BattlEye Server: Verified GUID (7791e161480f0bde9cabb33aed24e126) of player #3 Trobzing
18:40:05 Player Trobzing disconnected.
18:40:05 BattlEye Server: Player #3 Trobzing disconnected
18:40:40 Connor uses modified data file
18:40:40 BattlEye Server: Player #3 Connor (65.129.185.233:2304) connected
18:40:40 Player Connor connecting.
18:40:41 BattlEye Server: Player #3 Connor - GUID: 50239e8fd91519daeb81c7fe08084ba2 (unverified)
18:40:41 Player Connor connected (id=76561198205379496).
18:40:41 BattlEye Server: Verified GUID (50239e8fd91519daeb81c7fe08084ba2) of player #3 Connor
18:40:42 BattlEye Server: Player #3 Connor - Legacy GUID: 0c42582a88a6b0753dd3d182fdf4b956
18:40:42 Player Connor disconnected.
18:40:42 BattlEye Server: Player #3 Connor disconnected
18:44:43 Player the Guardian disconnected.
18:44:43 BattlEye Server: Player #2 the Guardian disconnected
18:54:34 Rad uses modified data file
18:54:34 BattlEye Server: Player #2 Rad (121.73.37.174:2304) connected
18:54:34 Player Rad connecting.
18:54:35 BattlEye Server: Player #2 Rad - GUID: 885c579ee12c4ddf77aaac565b2b3290 (unverified)
18:54:36 Player Rad connected (id=76561198032047520).
18:54:36 BattlEye Server: Verified GUID (885c579ee12c4ddf77aaac565b2b3290) of player #2 Rad
18:54:37 BattlEye Server: Player #2 Rad - Legacy GUID: 03f93f12a57aefa54029cc3dc438d7a9
18:58:09 the Guardian uses modified data file
18:58:09 BattlEye Server: Player #3 the Guardian (86.141.198.47:2304) connected
18:58:09 Player the Guardian connecting.
18:58:10 BattlEye Server: Player #3 the Guardian - GUID: 19b0dc960337e7df4d3b2866fdb383e9 (unverified)
18:58:10 Player the Guardian connected (id=76561198057928846).
18:58:10 BattlEye Server: Verified GUID (19b0dc960337e7df4d3b2866fdb383e9) of player #3 the Guardian
18:58:12 BattlEye Server: Player #3 the Guardian - Legacy GUID: e75084fd6ecd3205d324da7fcf115cee
18:58:17 Player the Guardian disconnected.
18:58:17 BattlEye Server: Player #3 the Guardian disconnected
18:58:24 BattlEye Server: (Side) Rad: hello chaps
18:58:24 BattlEye Server: RCon admin #0: (To Rad) Do not use Side chat. Warnings left:6
18:58:52 BattlEye Server: (Side) Rad: i gotta take that warning shit off for sidechat
18:58:52 BattlEye Server: RCon admin #0: (To Rad) Watch your language. Warnings left:2 ['shit']
18:58:52 BattlEye Server: RCon admin #0: (To Rad) Do not use Side chat. Warnings left:5
19:01:11 BattlEye Server: (Side) Tiadashi: HEya Rad 8)
19:01:11 BattlEye Server: RCon admin #0: (To Tiadashi) Do not use Side chat. Warnings left:6
19:01:21 BattlEye Server: (Side) Tiadashi: Doh
19:01:21 BattlEye Server: RCon admin #0: (To Tiadashi) Do not use Side chat. Warnings left:5
19:01:32 BattlEye Server: (Side) Rad: hello Dan....   we are home again
19:01:32 BattlEye Server: RCon admin #0: (To Rad) Do not use Side chat. Warnings left:4
19:01:52 BattlEye Server: (Side) Tiadashi: getting warning for typing in side chat - and i havent seen any ground roaming ai
19:01:52 BattlEye Server: RCon admin #0: (To Tiadashi) Do not use Side chat. Warnings left:4
19:18:27 Player Tiadashi disconnected.
19:18:27 BattlEye Server: Player #1 Tiadashi disconnected
19:34:07 Trobzing uses modified data file
19:34:07 BattlEye Server: Player #1 Trobzing (173.171.240.246:2304) connected
19:34:07 Player Trobzing connecting.
19:34:08 BattlEye Server: Player #1 Trobzing - GUID: 7791e161480f0bde9cabb33aed24e126 (unverified)
19:34:08 Player Trobzing connected (id=76561198068068752).
19:34:08 BattlEye Server: Verified GUID (7791e161480f0bde9cabb33aed24e126) of player #1 Trobzing
19:34:09 Player Trobzing disconnected.
19:34:09 BattlEye Server: Player #1 Trobzing disconnected
19:38:17 Trobzing uses modified data file
19:38:17 BattlEye Server: Player #1 Trobzing (173.171.240.246:2304) connected
19:38:17 Player Trobzing connecting.
19:38:17 BattlEye Server: Player #1 Trobzing - GUID: 7791e161480f0bde9cabb33aed24e126 (unverified)
19:38:18 Player Trobzing connected (id=76561198068068752).
19:38:18 BattlEye Server: Verified GUID (7791e161480f0bde9cabb33aed24e126) of player #1 Trobzing
19:38:18 Player Trobzing disconnected.
19:38:18 BattlEye Server: Player #1 Trobzing disconnected
19:48:15 the Guardian uses modified data file
19:48:15 BattlEye Server: Player #1 the Guardian (86.141.198.47:2304) connected
19:48:15 Player the Guardian connecting.
19:48:17 BattlEye Server: Player #1 the Guardian - GUID: 19b0dc960337e7df4d3b2866fdb383e9 (unverified)
19:48:17 BattlEye Server: Player #1 the Guardian - Legacy GUID: e75084fd6ecd3205d324da7fcf115cee
19:48:17 Player the Guardian connected (id=76561198057928846).
19:48:18 BattlEye Server: Verified GUID (19b0dc960337e7df4d3b2866fdb383e9) of player #1 the Guardian
19:52:40 Player the Guardian disconnected.
19:52:40 BattlEye Server: Player #1 the Guardian disconnected
19:53:37 the Guardian uses modified data file
19:53:37 BattlEye Server: Player #1 the Guardian (86.141.198.47:2304) connected
19:53:37 Player the Guardian connecting.
19:53:38 BattlEye Server: Player #1 the Guardian - GUID: 19b0dc960337e7df4d3b2866fdb383e9 (unverified)
19:53:39 Player the Guardian connected (id=76561198057928846).
19:53:39 BattlEye Server: Verified GUID (19b0dc960337e7df4d3b2866fdb383e9) of player #1 the Guardian
19:53:39 BattlEye Server: Player #1 the Guardian - Legacy GUID: e75084fd6ecd3205d324da7fcf115cee
19:55:27 Player the Guardian disconnected.
19:55:27 BattlEye Server: Player #1 the Guardian disconnected
19:58:23 the Guardian uses modified data file
19:58:23 BattlEye Server: Player #1 the Guardian (86.141.198.47:2304) connected
19:58:23 Player the Guardian connecting.
19:58:24 BattlEye Server: Player #1 the Guardian - GUID: 19b0dc960337e7df4d3b2866fdb383e9 (unverified)
19:58:24 Player the Guardian connected (id=76561198057928846).
19:58:24 BattlEye Server: Verified GUID (19b0dc960337e7df4d3b2866fdb383e9) of player #1 the Guardian
19:58:25 BattlEye Server: Player #1 the Guardian - Legacy GUID: e75084fd6ecd3205d324da7fcf115cee
19:58:25 Player the Guardian disconnected.
19:58:25 BattlEye Server: Player #1 the Guardian disconnected
19:58:44 BattlEye Server: (Side) Casey: search 
19:58:44 BattlEye Server: RCon admin #0: (To Casey) Do not use Side chat. Warnings left:6
20:01:00 the Guardian uses modified data file
20:01:00 BattlEye Server: Player #1 the Guardian (86.141.198.47:2304) connected
20:01:00 Player the Guardian connecting.
20:01:01 BattlEye Server: Player #1 the Guardian - GUID: 19b0dc960337e7df4d3b2866fdb383e9 (unverified)
20:01:01 Player the Guardian connected (id=76561198057928846).
20:01:01 BattlEye Server: Verified GUID (19b0dc960337e7df4d3b2866fdb383e9) of player #1 the Guardian
20:01:02 BattlEye Server: Player #1 the Guardian - Legacy GUID: e75084fd6ecd3205d324da7fcf115cee
20:01:02 Player the Guardian disconnected.
20:01:02 BattlEye Server: Player #1 the Guardian disconnected
20:07:45 the Guardian uses modified data file
20:07:45 BattlEye Server: Player #1 the Guardian (86.141.198.47:2304) connected
20:07:45 Player the Guardian connecting.
20:07:46 BattlEye Server: Player #1 the Guardian - GUID: 19b0dc960337e7df4d3b2866fdb383e9 (unverified)
20:07:46 Player the Guardian connected (id=76561198057928846).
20:07:46 BattlEye Server: Verified GUID (19b0dc960337e7df4d3b2866fdb383e9) of player #1 the Guardian
20:07:47 BattlEye Server: Player #1 the Guardian - Legacy GUID: e75084fd6ecd3205d324da7fcf115cee
20:12:44 Player Casey disconnected.
20:12:44 BattlEye Server: Player #0 Casey disconnected
20:16:50 Casey uses modified data file
20:16:50 BattlEye Server: Player #0 Casey (71.68.252.4:2304) connected
20:16:50 Player Casey connecting.
20:16:51 BattlEye Server: Player #0 Casey - GUID: af56b9358cc720f5766fdfbd454aae76 (unverified)
20:16:52 Player Casey connected (id=76561198134898961).
20:16:52 BattlEye Server: Verified GUID (af56b9358cc720f5766fdfbd454aae76) of player #0 Casey
20:16:52 BattlEye Server: Player #0 Casey - Legacy GUID: 72aa2c0a684dcc09239c9c93272391c8
20:19:54 Player Casey disconnected.
20:19:54 BattlEye Server: Player #0 Casey disconnected
20:20:32 Casey uses modified data file
20:20:32 BattlEye Server: Player #0 Casey (71.68.252.4:2304) connected
20:20:32 Player Casey connecting.
20:20:32 BattlEye Server: Player #0 Casey - GUID: af56b9358cc720f5766fdfbd454aae76 (unverified)
20:20:33 Player Casey connected (id=76561198134898961).
20:20:33 BattlEye Server: Verified GUID (af56b9358cc720f5766fdfbd454aae76) of player #0 Casey
20:20:34 BattlEye Server: Player #0 Casey - Legacy GUID: 72aa2c0a684dcc09239c9c93272391c8
20:24:49 Player Casey disconnected.
20:24:49 BattlEye Server: Player #0 Casey disconnected
20:25:51 Player the Guardian is losing connection
20:26:40 BattlEye Server: RCon admin #1 (71.68.252.4:64482) logged in
20:27:48 Casey uses modified data file
20:27:48 BattlEye Server: Player #0 Casey (71.68.252.4:2304) connected
20:27:48 Player Casey connecting.
20:27:49 BattlEye Server: Player #0 Casey - GUID: af56b9358cc720f5766fdfbd454aae76 (unverified)
20:27:49 Player Casey connected (id=76561198134898961).
20:27:49 BattlEye Server: Verified GUID (af56b9358cc720f5766fdfbd454aae76) of player #0 Casey
20:27:50 BattlEye Server: Player #0 Casey - Legacy GUID: 72aa2c0a684dcc09239c9c93272391c8
20:31:01 Player Rad disconnected.
20:31:01 BattlEye Server: Player #2 Rad disconnected
20:31:58 BattlEye Server: RCon admin #1: (Global) Casey: test test
20:32:07 Player Casey disconnected.
20:32:07 BattlEye Server: Player #0 Casey disconnected
20:38:14 BattlEye Server: Initialized (v1.195)
20:38:14 Host identity created.
20:39:36 BattlEye Server: Initialized (v1.195)
20:39:36 Host identity created.
20:39:46 BattlEye Server: RCon admin #0 (192.111.144.6:54121) logged in
20:40:00 the Guardian uses modified data file
20:40:00 BattlEye Server: Player #0 the Guardian (86.141.198.47:2304) connected
20:40:00 Player the Guardian connecting.
20:40:00 Mission DayZ Epoch Chernarus read from bank.
20:43:31 BattlEye Server: Initialized (v1.195)
20:43:31 Host identity created.
20:43:41 BattlEye Server: RCon admin #0 (192.111.144.6:60030) logged in
20:45:03 BattlEye Server: RCon admin #1 (71.68.252.4:49268) logged in
20:45:07 Casey uses modified data file
20:45:07 BattlEye Server: Player #0 Casey (71.68.252.4:2304) connected
20:45:07 Player Casey connecting.
20:45:07 Mission DayZ Epoch Chernarus read from bank.
20:45:08 BattlEye Server: Player #0 Casey - GUID: af56b9358cc720f5766fdfbd454aae76 (unverified)
20:45:08 Player Casey connected (id=76561198134898961).
20:45:08 BattlEye Server: Verified GUID (af56b9358cc720f5766fdfbd454aae76) of player #0 Casey
20:45:09 BattlEye Server: Player #0 Casey - Legacy GUID: 72aa2c0a684dcc09239c9c93272391c8
20:45:13 Roles assigned.
20:45:13 Reading mission ...
20:45:23 Mission read.
20:47:19 Game started.
20:47:33 BattlEye Server: RCon admin #2 (121.73.37.174:49432) logged in
20:47:41 BattlEye Server: RCon admin #0: (Global) Try adding   -malloc=system   to your ARMA launch parameters to help with steam ticket fails
20:50:57 Rad uses modified data file
20:50:57 BattlEye Server: Player #1 Rad (121.73.37.174:2304) connected
20:50:57 Player Rad connecting.
20:50:58 BattlEye Server: Player #1 Rad - GUID: 885c579ee12c4ddf77aaac565b2b3290 (unverified)
20:50:58 Player Rad connected (id=76561198032047520).
20:50:58 BattlEye Server: Verified GUID (885c579ee12c4ddf77aaac565b2b3290) of player #1 Rad
20:50:59 BattlEye Server: Player #1 Rad - Legacy GUID: 03f93f12a57aefa54029cc3dc438d7a9
21:02:02 Dominic uses modified data file
21:02:02 BattlEye Server: Player #2 Dominic (69.204.51.61:2304) connected
21:02:02 Player Dominic connecting.
21:02:03 BattlEye Server: Player #2 Dominic - GUID: 024300e5bd087ae2d088457285c38fa5 (unverified)
21:02:04 Player Dominic connected (id=76561198134993374).
21:02:04 BattlEye Server: Verified GUID (024300e5bd087ae2d088457285c38fa5) of player #2 Dominic
21:02:04 BattlEye Server: Player #2 Dominic - Owner GUID: 138a7a98b4566581d657332d778fb28d
21:02:04 BattlEye Server: Player #2 Dominic - Legacy GUID: 2127cce82475ff70a5cdc5255eb5e476
21:02:05 Player Dominic disconnected.
21:02:05 BattlEye Server: Player #2 Dominic disconnected
21:12:09 Simba LionPride uses modified data file
21:12:09 BattlEye Server: Player #2 Simba LionPride (125.239.162.254:2304) connected
21:12:09 Player Simba LionPride connecting.
21:12:10 BattlEye Server: Player #2 Simba LionPride - GUID: 90fe834e22fb4031586a08e3db43ecff (unverified)
21:12:10 Player Simba LionPride connected (id=76561198058368737).
21:12:10 BattlEye Server: Verified GUID (90fe834e22fb4031586a08e3db43ecff) of player #2 Simba LionPride
21:12:11 BattlEye Server: Player #2 Simba LionPride - Legacy GUID: ea8e853be1c01b2061cdb24bcac53bec
21:12:11 Player Simba LionPride disconnected.
21:12:11 BattlEye Server: Player #2 Simba LionPride disconnected
21:12:53 Simba LionPride uses modified data file
21:12:53 BattlEye Server: Player #2 Simba LionPride (125.239.162.254:2304) connected
21:12:53 Player Simba LionPride connecting.
21:12:54 BattlEye Server: Player #2 Simba LionPride - GUID: 90fe834e22fb4031586a08e3db43ecff (unverified)
21:12:55 Player Simba LionPride connected (id=76561198058368737).
21:12:55 BattlEye Server: Verified GUID (90fe834e22fb4031586a08e3db43ecff) of player #2 Simba LionPride
21:12:55 BattlEye Server: Player #2 Simba LionPride - Legacy GUID: ea8e853be1c01b2061cdb24bcac53bec
21:12:56 Player Simba LionPride disconnected.
21:12:56 BattlEye Server: Player #2 Simba LionPride disconnected
21:13:41 BattlEye Server: RCon admin #0: (Global) This server restarts every 6 hours of uptime, with warnings beforehand
21:14:15 Simba LionPride uses modified data file
21:14:15 BattlEye Server: Player #2 Simba LionPride (125.239.162.254:2304) connected
21:14:15 Player Simba LionPride connecting.
21:14:16 BattlEye Server: Player #2 Simba LionPride - GUID: 90fe834e22fb4031586a08e3db43ecff (unverified)
21:14:17 Player Simba LionPride connected (id=76561198058368737).
21:14:17 BattlEye Server: Verified GUID (90fe834e22fb4031586a08e3db43ecff) of player #2 Simba LionPride
21:14:17 BattlEye Server: Player #2 Simba LionPride - Legacy GUID: ea8e853be1c01b2061cdb24bcac53bec
21:15:41 BattlEye Server: RCon admin #0: (Global) TEAMSPEAK IP -- 142.4.205.214:9138
21:16:35 Tiadashi uses modified data file
21:16:35 BattlEye Server: Player #3 Tiadashi (96.247.226.29:2304) connected
21:16:35 Player Tiadashi connecting.
21:16:36 BattlEye Server: Player #3 Tiadashi - GUID: ba7597fbd587ece9e807face23916950 (unverified)
21:16:37 Player Tiadashi connected (id=76561198123632050).
21:16:37 BattlEye Server: Verified GUID (ba7597fbd587ece9e807face23916950) of player #3 Tiadashi
21:16:37 BattlEye Server: Player #3 Tiadashi - Legacy GUID: 8b4506e86dff8826a189c6a07436a687
21:16:41 BattlEye Server: RCon admin #0: (Global) Please abide by the Rules, if in doubt, ask an admin
21:18:41 BattlEye Server: RCon admin #0: (Global) THERE IS NO PLAYER KILLING. This is a PVE Server. The AI's and Zombies will give you enough to kill
21:19:00 Player Simba LionPride disconnected.
21:19:00 BattlEye Server: Player #2 Simba LionPride disconnected
21:19:23 Simba LionPride uses modified data file
21:19:23 BattlEye Server: Player #2 Simba LionPride (125.239.162.254:2304) connected
21:19:23 Player Simba LionPride connecting.
21:19:25 BattlEye Server: Player #2 Simba LionPride - GUID: 90fe834e22fb4031586a08e3db43ecff (unverified)
21:19:25 Player Simba LionPride connected (id=76561198058368737).
21:19:25 BattlEye Server: Verified GUID (90fe834e22fb4031586a08e3db43ecff) of player #2 Simba LionPride
21:19:26 BattlEye Server: Player #2 Simba LionPride - Legacy GUID: ea8e853be1c01b2061cdb24bcac53bec
21:20:36 Player Tiadashi disconnected.
21:20:36 BattlEye Server: Player #3 Tiadashi disconnected
21:31:47 BattlEye Server: RCon admin #1 (71.68.252.4:59650) logged in
21:32:01 Player Simba LionPride kicked off by BattlEye: Admin Kick (test)
21:32:01 Player Simba LionPride disconnected.
21:33:17 Simba LionPride uses modified data file
21:33:17 BattlEye Server: Player #2 Simba LionPride (125.239.162.254:2304) connected
21:33:17 Player Simba LionPride connecting.
21:33:18 BattlEye Server: Player #2 Simba LionPride - GUID: 90fe834e22fb4031586a08e3db43ecff (unverified)
21:33:19 Player Simba LionPride connected (id=76561198058368737).
21:33:19 BattlEye Server: Verified GUID (90fe834e22fb4031586a08e3db43ecff) of player #2 Simba LionPride
21:33:19 BattlEye Server: Player #2 Simba LionPride - Legacy GUID: ea8e853be1c01b2061cdb24bcac53bec
21:37:30 Player Simba LionPride disconnected.
21:37:30 BattlEye Server: Player #2 Simba LionPride disconnected
21:38:19 Player Casey is losing connection
21:38:41 Player Casey kicked off by BattlEye: Client not responding
21:38:41 Player Casey disconnected.
21:39:43 Simba LionPride uses modified data file
21:39:43 BattlEye Server: Player #0 Simba LionPride (125.239.162.254:2304) connected
21:39:43 Player Simba LionPride connecting.
21:39:44 BattlEye Server: Player #0 Simba LionPride - GUID: 90fe834e22fb4031586a08e3db43ecff (unverified)
21:39:45 Player Simba LionPride connected (id=76561198058368737).
21:39:45 BattlEye Server: Verified GUID (90fe834e22fb4031586a08e3db43ecff) of player #0 Simba LionPride
21:39:46 BattlEye Server: Player #0 Simba LionPride - Legacy GUID: ea8e853be1c01b2061cdb24bcac53bec
21:46:07 BattlEye Server: RCon admin #1 (71.68.252.4:58106) logged in
21:47:34 Casey uses modified data file
21:47:34 BattlEye Server: Player #2 Casey (71.68.252.4:2304) connected
21:47:34 Player Casey connecting.
21:47:35 BattlEye Server: Player #2 Casey - GUID: af56b9358cc720f5766fdfbd454aae76 (unverified)
21:47:36 Player Casey connected (id=76561198134898961).
21:47:36 BattlEye Server: Verified GUID (af56b9358cc720f5766fdfbd454aae76) of player #2 Casey
21:47:36 BattlEye Server: Player #2 Casey - Legacy GUID: 72aa2c0a684dcc09239c9c93272391c8
21:49:35 Player Rad disconnected.
21:49:35 BattlEye Server: Player #1 Rad disconnected
21:53:02 Player Simba LionPride disconnected.
21:53:02 BattlEye Server: Player #0 Simba LionPride disconnected
22:34:41 Trobzing uses modified data file
22:34:41 BattlEye Server: Player #0 Trobzing (173.171.240.246:2304) connected
22:34:41 Player Trobzing connecting.
22:34:42 BattlEye Server: Player #0 Trobzing - GUID: 7791e161480f0bde9cabb33aed24e126 (unverified)
22:34:43 Player Trobzing connected (id=76561198068068752).
22:34:43 BattlEye Server: Verified GUID (7791e161480f0bde9cabb33aed24e126) of player #0 Trobzing
22:34:43 Player Trobzing disconnected.
22:34:43 BattlEye Server: Player #0 Trobzing disconnected
22:38:12 Trobzing uses modified data file
22:38:12 BattlEye Server: Player #0 Trobzing (173.171.240.246:2304) connected
22:38:12 Player Trobzing connecting.
22:38:12 BattlEye Server: Player #0 Trobzing - GUID: 7791e161480f0bde9cabb33aed24e126 (unverified)
22:38:13 Player Trobzing connected (id=76561198068068752).
22:38:13 BattlEye Server: Verified GUID (7791e161480f0bde9cabb33aed24e126) of player #0 Trobzing
22:38:13 Player Trobzing disconnected.
22:38:13 BattlEye Server: Player #0 Trobzing disconnected
22:40:11 Trobzing uses modified data file
22:40:11 BattlEye Server: Player #0 Trobzing (173.171.240.246:2304) connected
22:40:11 Player Trobzing connecting.
22:40:12 BattlEye Server: Player #0 Trobzing - GUID: 7791e161480f0bde9cabb33aed24e126 (unverified)
22:40:12 Player Trobzing connected (id=76561198068068752).
22:40:12 BattlEye Server: Verified GUID (7791e161480f0bde9cabb33aed24e126) of player #0 Trobzing
22:40:13 Player Trobzing disconnected.
22:40:13 BattlEye Server: Player #0 Trobzing disconnected
22:41:37 Player Casey disconnected.
22:41:37 BattlEye Server: Player #2 Casey disconnected
22:43:57 BattlEye Server: Initialized (v1.195)
22:43:57 Host identity created.
22:44:07 BattlEye Server: RCon admin #0 (192.111.144.6:55474) logged in
22:52:52 BattlEye Server: Initialized (v1.195)
22:52:52 Host identity created.
22:53:02 BattlEye Server: RCon admin #0 (192.111.144.6:61562) logged in
22:56:25 BattlEye Server: Initialized (v1.195)
22:56:25 Host identity created.
22:56:35 BattlEye Server: RCon admin #0 (192.111.144.6:61563) logged in
23:00:02 Trobzing uses modified data file
23:00:02 BattlEye Server: Player #0 Trobzing (173.171.240.246:2304) connected
23:00:02 Player Trobzing connecting.
23:00:03 Mission DayZ Epoch Chernarus read from bank.
23:00:11 Player Trobzing disconnected.
23:00:11 BattlEye Server: Player #0 Trobzing disconnected
23:00:11 All users disconnected, waiting for users.
23:00:35 BattlEye Server: RCon admin #0: (Global) Try adding  -malloc=system  to your ARMA launch parameters to help with steam ticket fails
23:00:49 Trobzing uses modified data file
23:00:49 BattlEye Server: Player #0 Trobzing (173.171.240.246:2304) connected
23:00:49 Player Trobzing connecting.
23:00:49 Mission DayZ Epoch Chernarus read from bank.
23:01:10 Player Trobzing disconnected.
23:01:10 BattlEye Server: Player #0 Trobzing disconnected
23:01:10 All users disconnected, waiting for users.
23:10:26 Tiadashi uses modified data file
23:10:26 BattlEye Server: Player #0 Tiadashi (96.247.226.29:2304) connected
23:10:26 Player Tiadashi connecting.
23:10:26 Mission DayZ Epoch Chernarus read from bank.
23:10:27 BattlEye Server: Player #0 Tiadashi - GUID: ba7597fbd587ece9e807face23916950 (unverified)
23:10:28 Player Tiadashi connected (id=76561198123632050).
23:10:28 BattlEye Server: Verified GUID (ba7597fbd587ece9e807face23916950) of player #0 Tiadashi
23:10:28 BattlEye Server: Player #0 Tiadashi - Legacy GUID: 8b4506e86dff8826a189c6a07436a687
23:10:32 Roles assigned.
23:10:32 Reading mission ...
23:10:42 Mission read.
23:11:24 Game started.
23:18:43 Rad uses modified data file
23:18:43 BattlEye Server: Player #1 Rad (121.73.37.174:2304) connected
23:18:43 Player Rad connecting.
23:18:44 BattlEye Server: Player #1 Rad - GUID: 885c579ee12c4ddf77aaac565b2b3290 (unverified)
23:18:44 Player Rad connected (id=76561198032047520).
23:18:44 BattlEye Server: Verified GUID (885c579ee12c4ddf77aaac565b2b3290) of player #1 Rad
23:18:45 BattlEye Server: Player #1 Rad - Legacy GUID: 03f93f12a57aefa54029cc3dc438d7a9
23:19:17 Trobzing uses modified data file
23:19:17 BattlEye Server: Player #2 Trobzing (173.171.240.246:2304) connected
23:19:17 Player Trobzing connecting.
23:19:17 BattlEye Server: Player #2 Trobzing - GUID: 7791e161480f0bde9cabb33aed24e126 (unverified)
23:19:18 Player Trobzing connected (id=76561198068068752).
23:19:18 BattlEye Server: Verified GUID (7791e161480f0bde9cabb33aed24e126) of player #2 Trobzing
23:19:18 Player Trobzing disconnected.
23:19:18 BattlEye Server: Player #2 Trobzing disconnected
23:26:35 BattlEye Server: RCon admin #0: (Global) This server restarts every 6 hours, with warnings beforehand
23:28:35 BattlEye Server: RCon admin #0: (Global) TEAMSPEAK IP -- vs9.tserverhq.com:9138
23:29:35 BattlEye Server: RCon admin #0: (Global) Please abide by the Rules, if in doubt, ask an admin
23:31:35 BattlEye Server: RCon admin #0: (Global) THERE IS NO PLAYER KILLING. This is a PVE Server. The AI's and Zombies will give you enough to kill
23:33:00 Skittle uses modified data file
23:33:00 BattlEye Server: Player #2 Skittle (24.112.172.129:2304) connected
23:33:00 Player Skittle connecting.
23:33:01 BattlEye Server: Player #2 Skittle - GUID: f592687df1179bb13be9de9824da947c (unverified)
23:33:01 Player Skittle connected (id=76561198052016461).
23:33:01 BattlEye Server: Verified GUID (f592687df1179bb13be9de9824da947c) of player #2 Skittle
23:33:02 BattlEye Server: Player #2 Skittle - Legacy GUID: d5f19910da9ad7e20854b5d572d8600f
23:33:07 Player Skittle disconnected.
23:33:07 BattlEye Server: Player #2 Skittle disconnected
23:33:25 AlCo uses modified data file
23:33:25 BattlEye Server: Player #2 AlCo (24.112.172.129:2304) connected
23:33:25 Player AlCo connecting.
23:33:26 BattlEye Server: Player #2 AlCo - GUID: f592687df1179bb13be9de9824da947c (unverified)
23:33:27 Player AlCo connected (id=76561198052016461).
23:33:27 BattlEye Server: Verified GUID (f592687df1179bb13be9de9824da947c) of player #2 AlCo
23:33:27 BattlEye Server: Player #2 AlCo - Legacy GUID: d5f19910da9ad7e20854b5d572d8600f
23:37:13 BattlEye Server: (Side) AlCo: whats going on
23:37:21 BattlEye Server: (Side) Tiadashi: Howdys
23:39:38 BattlEye Server: (Side) Tiadashi: howdys
23:40:10 BattlEye Server: (Side) Tiadashi: theres some guns in the tents
23:42:29 BattlEye Server: (Direct) AlCo: this your suv?
23:42:35 BattlEye Server: (Direct) Tiadashi: nope
23:42:44 BattlEye Server: (Direct) AlCo: care if i take it?
23:42:53 BattlEye Server: (Direct) Tiadashi: the suv no go ahead
23:42:59 BattlEye Server: (Direct) AlCo: alright
23:43:11 BattlEye Server: (Direct) Tiadashi: thats not an suv
23:43:18 Coop360 uses modified data file
23:43:18 BattlEye Server: Player #3 Coop360 (99.239.224.72:2604) connected
23:43:18 Player Coop360 connecting.
23:43:19 BattlEye Server: Player #3 Coop360 - GUID: 9e02c13f825f3f430f974250579c53d0 (unverified)
23:43:19 Player Coop360 connected (id=76561198103181905).
23:43:19 BattlEye Server: Verified GUID (9e02c13f825f3f430f974250579c53d0) of player #3 Coop360
23:43:20 BattlEye Server: Player #3 Coop360 - Legacy GUID: bce38de42259fcc4680e956e9c52e9c8
23:43:54 BattlEye Server: (Direct) AlCo: so is this yours?
23:44:14 BattlEye Server: (Direct) Tiadashi: was just found
23:44:29 BattlEye Server: (Direct) AlCo: do you want it?
23:44:34 BattlEye Server: (Direct) Tiadashi: no go ahead
23:44:38 BattlEye Server: (Direct) AlCo: ok
23:45:50 Player Coop360 kicked off by BattlEye: Failed to update
23:45:50 Player Coop360 disconnected.
23:47:01 Player Rad disconnected.
23:47:01 BattlEye Server: Player #1 Rad disconnected
 0:03:03 BattlEye Server: (Side) AlCo: how did you die?w
 0:03:19 BattlEye Server: (Side) Tiadashi: 2 humvee ai vehicles 8P
 0:08:01 BattlEye Server: (Side) Tiadashi: heh
 0:08:11 BattlEye Server: (Side) Tiadashi: not my night
 0:10:48 Player Tiadashi disconnected.
 0:10:48 BattlEye Server: Player #0 Tiadashi disconnected
 0:13:19 Casey uses modified data file
 0:13:19 BattlEye Server: Player #0 Casey (71.68.252.4:2304) connected
 0:13:19 Player Casey connecting.
 0:13:19 BattlEye Server: Player #0 Casey - GUID: af56b9358cc720f5766fdfbd454aae76 (unverified)
 0:13:20 Player Casey connected (id=76561198134898961).
 0:13:20 BattlEye Server: Verified GUID (af56b9358cc720f5766fdfbd454aae76) of player #0 Casey
 0:13:21 BattlEye Server: Player #0 Casey - Legacy GUID: 72aa2c0a684dcc09239c9c93272391c8
 0:19:35 Tiadashi uses modified data file
 0:19:35 BattlEye Server: Player #1 Tiadashi (96.247.226.29:2304) connected
 0:19:35 Player Tiadashi connecting.
 0:19:36 BattlEye Server: Player #1 Tiadashi - GUID: ba7597fbd587ece9e807face23916950 (unverified)
 0:19:36 Player Tiadashi connected (id=76561198123632050).
 0:19:36 BattlEye Server: Verified GUID (ba7597fbd587ece9e807face23916950) of player #1 Tiadashi
 0:19:37 BattlEye Server: Player #1 Tiadashi - Legacy GUID: 8b4506e86dff8826a189c6a07436a687
 0:22:19 BattlEye Server: (Side) Tiadashi: Derp
 0:26:43 BattlEye Server: (Side) AlCo: anyone else getting this or is just me
 0:26:53 BattlEye Server: (Side) Casey: its emp
 0:28:58 BattlEye Server: (Direct) Casey: hi
 0:29:02 BattlEye Server: (Direct) AlCo: sup
 0:29:18 BattlEye Server: (Direct) Casey: need anything lol
 0:29:28 BattlEye Server: (Direct) AlCo: trying to get stuff to start on a base
 0:29:59 BattlEye Server: (Direct) Casey: we had friends lol 
 0:30:06 BattlEye Server: (Direct) AlCo: i can show you a badass spot
 0:30:14 BattlEye Server: (Direct) Casey: where ?
 0:30:19 BattlEye Server: (Direct) AlCo: one sec let me get cords
 0:30:55 BattlEye Server: (Direct) AlCo: 022034
 0:30:56 BattlEye Server: (Direct) Casey: just put down a map marker
 0:31:13 BattlEye Server: (Direct) AlCo: for some reason
 0:31:19 BattlEye Server: (Direct) AlCo: my frames are shitting on me
 0:31:36 BattlEye Server: (Direct) Casey: mine too its server side i have to clean up some things 
 0:31:48 BattlEye Server: (Direct) AlCo: lol
 0:32:21 BattlEye Server: (Direct) AlCo: i put marker
 0:32:49 BattlEye Server: (Direct) Casey: k
 0:32:55 BattlEye Server: (Direct) Casey: h/o one sec
 0:34:40 BattlEye Server: (Direct) Casey: might kick you when i teleport lol but you wont get banned
 0:34:46 BattlEye Server: (Direct) AlCo: its cool
 0:35:17 BattlEye Server: (Direct) AlCo: back behind this pond
 0:35:32 BattlEye Server: (Direct) AlCo: i,ve had my base here on mostly every server i,ve played on lol
 0:35:42 BattlEye Server: (Direct) Casey: ai spawn to the right 
 0:37:04 BattlEye Server: (Direct) Casey: might want to pick a diff spot lol 
 0:37:11 BattlEye Server: (Direct) Casey: neighbors are assholes
 0:37:14 BattlEye Server: (Direct) AlCo: d
 0:37:31 BattlEye Server: (Direct) Casey: i have a few i can show you 
 0:37:33 BattlEye Server: (Direct) AlCo: its actually not as bad as you would expect
 0:38:08 BattlEye Server: (Direct) Casey: well if you want to build here thats cool 
 0:38:23 BattlEye Server: (Direct) AlCo: i,m down to see the other spots
 0:39:30 BattlEye Server: (Direct) Casey: ive built here good spot in the center 
 0:39:35 BattlEye Server: (Direct) AlCo: have you ever used the speed mod on a bike?
 0:39:51 BattlEye Server: (Direct) Casey: yeah and a heli didnt work too good on a heii
 0:40:23 BattlEye Server: (Direct) AlCo: not a bad spot
 0:40:27 BattlEye Server: (Direct) AlCo: try it in a boat
 0:40:31 BattlEye Server: (Direct) AlCo: its pretty fun
 0:40:52 BattlEye Server: (Direct) AlCo: when you use it in a sailboat, it starts sinking while your going like 400
 0:41:15 BattlEye Server: (Direct) Casey: or here
 0:41:47 BattlEye Server: (Direct) AlCo: pretty good
 0:42:03 BattlEye Server: (Direct) AlCo: nice position
 0:42:35 BattlEye Server: (Direct) AlCo: i might actually use this spot
 0:42:46 Rad uses modified data file
 0:42:46 BattlEye Server: Player #3 Rad (121.73.37.174:2304) connected
 0:42:46 Player Rad connecting.
 0:42:47 BattlEye Server: Player #3 Rad - GUID: 885c579ee12c4ddf77aaac565b2b3290 (unverified)
 0:42:48 Player Rad connected (id=76561198032047520).
 0:42:48 BattlEye Server: Verified GUID (885c579ee12c4ddf77aaac565b2b3290) of player #3 Rad
 0:42:48 BattlEye Server: Player #3 Rad - Legacy GUID: 03f93f12a57aefa54029cc3dc438d7a9
 0:51:36 Player Rad disconnected.
 0:51:36 BattlEye Server: Player #3 Rad disconnected
 0:51:45 Simba LionPride uses modified data file
 0:51:45 BattlEye Server: Player #3 Simba LionPride (125.239.162.254:2304) connected
 0:51:45 Player Simba LionPride connecting.
 0:51:47 BattlEye Server: Player #3 Simba LionPride - GUID: 90fe834e22fb4031586a08e3db43ecff (unverified)
 0:51:47 Player Simba LionPride connected (id=76561198058368737).
 0:51:47 BattlEye Server: Verified GUID (90fe834e22fb4031586a08e3db43ecff) of player #3 Simba LionPride
 0:51:48 BattlEye Server: Player #3 Simba LionPride - Legacy GUID: ea8e853be1c01b2061cdb24bcac53bec
 0:53:04 Rad uses modified data file
 0:53:04 BattlEye Server: Player #4 Rad (121.73.37.174:2304) connected
 0:53:04 Player Rad connecting.
 0:53:05 BattlEye Server: Player #4 Rad - GUID: 885c579ee12c4ddf77aaac565b2b3290 (unverified)
 0:53:06 Player Rad connected (id=76561198032047520).
 0:53:06 BattlEye Server: Verified GUID (885c579ee12c4ddf77aaac565b2b3290) of player #4 Rad
 0:53:06 BattlEye Server: Player #4 Rad - Legacy GUID: 03f93f12a57aefa54029cc3dc438d7a9
 0:59:37 Player Casey disconnected.
 0:59:37 BattlEye Server: Player #0 Casey disconnected
 1:00:09 Casey uses modified data file
 1:00:09 BattlEye Server: Player #0 Casey (71.68.252.4:2304) connected
 1:00:09 Player Casey connecting.
 1:00:10 BattlEye Server: Player #0 Casey - GUID: af56b9358cc720f5766fdfbd454aae76 (unverified)
 1:00:10 Player Casey connected (id=76561198134898961).
 1:00:10 BattlEye Server: Verified GUID (af56b9358cc720f5766fdfbd454aae76) of player #0 Casey
 1:00:11 BattlEye Server: Player #0 Casey - Legacy GUID: 72aa2c0a684dcc09239c9c93272391c8
 1:03:45 Player Simba LionPride disconnected.
 1:03:45 BattlEye Server: Player #3 Simba LionPride disconnected
 1:04:16 Simba LionPride uses modified data file
 1:04:16 BattlEye Server: Player #3 Simba LionPride (125.239.162.254:2304) connected
 1:04:16 Player Simba LionPride connecting.
 1:04:17 BattlEye Server: Player #3 Simba LionPride - GUID: 90fe834e22fb4031586a08e3db43ecff (unverified)
 1:04:18 Player Simba LionPride connected (id=76561198058368737).
 1:04:18 BattlEye Server: Verified GUID (90fe834e22fb4031586a08e3db43ecff) of player #3 Simba LionPride
 1:04:18 BattlEye Server: Player #3 Simba LionPride - Legacy GUID: ea8e853be1c01b2061cdb24bcac53bec
 1:14:36 Player Tiadashi disconnected.
 1:14:36 BattlEye Server: Player #1 Tiadashi disconnected
 1:28:38 Player Simba LionPride disconnected.
 1:28:38 BattlEye Server: Player #3 Simba LionPride disconnected
 1:43:14 Player Rad disconnected.
 1:43:14 BattlEye Server: Player #4 Rad disconnected
 1:43:39 BattlEye Server: RCon admin #1 (121.73.37.174:64953) logged in
 1:43:53 BattlEye Server: RCon admin #1: (Global) Administrator: Server restart in 10 minutes
 1:44:09 BattlEye Server: RCon admin #1: (Global) Administrator: Server restart in 10 minutes
 1:44:14 BattlEye Server: RCon admin #1: (Global) Administrator: Server restart in 10 minutes
 1:50:23 BattlEye Server: RCon admin #1: (Global) Administrator: Server restart in 5 minutes
 1:50:26 BattlEye Server: RCon admin #1: (Global) Administrator: Server restart in 5 minutes
 1:50:28 BattlEye Server: RCon admin #1: (Global) Administrator: Server restart in 5 minutes
 1:54:20 BattlEye Server: RCon admin #1: (Global) Administrator: Server restart in 1 minute.... Log OFF NOW !!!
 1:54:23 BattlEye Server: RCon admin #1: (Global) Administrator: Server restart in 1 minute.... Log OFF NOW !!!
 1:54:25 BattlEye Server: RCon admin #1: (Global) Administrator: Server restart in 1 minute.... Log OFF NOW !!!
 1:55:16 Player AlCo disconnected.
 1:55:16 BattlEye Server: Player #2 AlCo disconnected
 1:59:54 BattlEye Server: Initialized (v1.195)
 1:59:54 Host identity created.
 1:59:54 BattlEye Server: RCon admin #0 (121.73.37.174:63025) logged in
 2:00:04 BattlEye Server: RCon admin #1 (192.111.144.6:55360) logged in
 2:03:26 BattlEye Server: Initialized (v1.195)
 2:03:26 Host identity created.
 2:03:27 BattlEye Server: RCon admin #0 (121.73.37.174:59890) logged in
 2:03:36 BattlEye Server: RCon admin #1 (192.111.144.6:61576) logged in
 2:07:36 BattlEye Server: RCon admin #1: (Global) Try adding  -malloc=system  to your ARMA launch parameters to help with steam ticket fails
 2:29:17 Tiadashi uses modified data file
 2:29:17 BattlEye Server: Player #0 Tiadashi (96.247.226.29:2304) connected
 2:29:17 Player Tiadashi connecting.
 2:29:17 Mission DayZ Epoch Chernarus read from bank.
 2:29:19 BattlEye Server: Player #0 Tiadashi - GUID: ba7597fbd587ece9e807face23916950 (unverified)
 2:29:19 Player Tiadashi connected (id=76561198123632050).
 2:29:19 BattlEye Server: Verified GUID (ba7597fbd587ece9e807face23916950) of player #0 Tiadashi
 2:29:19 BattlEye Server: Player #0 Tiadashi - Legacy GUID: 8b4506e86dff8826a189c6a07436a687
 2:29:22 Roles assigned.
 2:29:22 Reading mission ...
 2:29:32 Mission read.
 2:30:43 Game started.
 2:31:52 AlCo uses modified data file
 2:31:52 BattlEye Server: Player #1 AlCo (24.112.172.129:2304) connected
 2:31:52 Player AlCo connecting.
 2:31:53 BattlEye Server: Player #1 AlCo - GUID: f592687df1179bb13be9de9824da947c (unverified)
 2:31:53 Player AlCo connected (id=76561198052016461).
 2:31:53 BattlEye Server: Verified GUID (f592687df1179bb13be9de9824da947c) of player #1 AlCo
 2:31:54 BattlEye Server: Player #1 AlCo - Legacy GUID: d5f19910da9ad7e20854b5d572d8600f
 2:31:54 Player AlCo disconnected.
 2:31:54 BattlEye Server: Player #1 AlCo disconnected
 2:32:01 AlCo uses modified data file
 2:32:01 BattlEye Server: Player #1 AlCo (24.112.172.129:2304) connected
 2:32:01 Player AlCo connecting.
 2:32:02 BattlEye Server: Player #1 AlCo - GUID: f592687df1179bb13be9de9824da947c (unverified)
 2:32:02 Player AlCo connected (id=76561198052016461).
 2:32:02 BattlEye Server: Verified GUID (f592687df1179bb13be9de9824da947c) of player #1 AlCo
 2:32:03 Player AlCo disconnected.
 2:32:03 BattlEye Server: Player #1 AlCo disconnected
 2:32:17 AlCo uses modified data file
 2:32:17 BattlEye Server: Player #1 AlCo (24.112.172.129:2304) connected
 2:32:17 Player AlCo connecting.
 2:32:18 BattlEye Server: Player #1 AlCo - GUID: f592687df1179bb13be9de9824da947c (unverified)
 2:32:18 Player AlCo connected (id=76561198052016461).
 2:32:18 BattlEye Server: Verified GUID (f592687df1179bb13be9de9824da947c) of player #1 AlCo
 2:32:18 Player AlCo disconnected.
 2:32:18 BattlEye Server: Player #1 AlCo disconnected
 2:32:24 Player Tiadashi disconnected.
 2:32:24 BattlEye Server: Player #0 Tiadashi disconnected
 2:32:35 AlCo uses modified data file
 2:32:35 BattlEye Server: Player #0 AlCo (24.112.172.129:2304) connected
 2:32:35 Player AlCo connecting.
 2:32:36 BattlEye Server: Player #0 AlCo - GUID: f592687df1179bb13be9de9824da947c (unverified)
 2:32:36 Player AlCo connected (id=76561198052016461).
 2:32:36 BattlEye Server: Verified GUID (f592687df1179bb13be9de9824da947c) of player #0 AlCo
 2:32:37 Player AlCo disconnected.
 2:32:37 BattlEye Server: Player #0 AlCo disconnected
 2:33:36 BattlEye Server: RCon admin #1: (Global) This server restarts every 6 hours, with warnings beforehand
 2:34:40 AlCo uses modified data file
 2:34:40 BattlEye Server: Player #0 AlCo (24.112.172.129:2304) connected
 2:34:40 Player AlCo connecting.
 2:34:41 BattlEye Server: Player #0 AlCo - GUID: f592687df1179bb13be9de9824da947c (unverified)
 2:34:41 Player AlCo connected (id=76561198052016461).
 2:34:41 BattlEye Server: Verified GUID (f592687df1179bb13be9de9824da947c) of player #0 AlCo
 2:34:42 Player AlCo disconnected.
 2:34:42 BattlEye Server: Player #0 AlCo disconnected
 2:35:36 BattlEye Server: RCon admin #1: (Global) TEAMSPEAK IP -- vs9.tserverhq.com:9138
 2:36:19 AlCo uses modified data file
 2:36:19 BattlEye Server: Player #0 AlCo (24.112.172.129:2304) connected
 2:36:19 Player AlCo connecting.
 2:36:20 BattlEye Server: Player #0 AlCo - GUID: f592687df1179bb13be9de9824da947c (unverified)
 2:36:21 Player AlCo connected (id=76561198052016461).
 2:36:21 BattlEye Server: Verified GUID (f592687df1179bb13be9de9824da947c) of player #0 AlCo
 2:36:21 BattlEye Server: Player #0 AlCo - Legacy GUID: d5f19910da9ad7e20854b5d572d8600f
 2:36:36 BattlEye Server: RCon admin #1: (Global) Please abide by the Rules, if in doubt, ask an admin
 2:38:36 BattlEye Server: RCon admin #1: (Global) THERE IS NO PLAYER KILLING. This is a PVE Server. The AI's and Zombies will give you enough to kill
 3:33:46 Player AlCo disconnected.
 3:33:46 BattlEye Server: Player #0 AlCo disconnected
 3:58:19 Chris uses modified data file
 3:58:19 BattlEye Server: Player #0 Chris (173.51.81.193:2304) connected
 3:58:19 Player Chris connecting.
 3:58:52 Player  kicked off by BattlEye: Client not responding
 3:58:52 Player Chris disconnected.
 3:59:01 Chris uses modified data file
 3:59:01 BattlEye Server: Player #0 Chris (173.51.81.193:2304) connected
 3:59:01 Player Chris connecting.
 3:59:02 BattlEye Server: Player #0 Chris - GUID: 892d2fba7f52e3396085f92a2cd7d542 (unverified)
 3:59:03 Player Chris connected (id=76561198093249364).
 3:59:03 BattlEye Server: Verified GUID (892d2fba7f52e3396085f92a2cd7d542) of player #0 Chris
 3:59:03 BattlEye Server: Player #0 Chris - Legacy GUID: db75cd234c08b4e68ff0efd8034c5d1a
 4:01:33 BattlEye Server: Player #0 Chris - Legacy GUID: db75cd234c08b4e68ff0efd8034c5d1a
 4:14:35 Player Chris disconnected.
 4:14:35 BattlEye Server: Player #0 Chris disconnected
 4:25:50 Rad uses modified data file
 4:25:50 BattlEye Server: Player #0 Rad (121.73.37.174:2304) connected
 4:25:50 Player Rad connecting.
 4:25:52 BattlEye Server: Player #0 Rad - Legacy GUID: 03f93f12a57aefa54029cc3dc438d7a9
 4:26:16 BattlEye Server: Player #0 Rad - GUID: 885c579ee12c4ddf77aaac565b2b3290 (unverified)
 4:26:17 Player Rad connected (id=76561198032047520).
 4:26:17 BattlEye Server: Verified GUID (885c579ee12c4ddf77aaac565b2b3290) of player #0 Rad
 4:26:22 Player Rad disconnected.
 4:26:22 BattlEye Server: Player #0 Rad disconnected
 4:27:59 Rad uses modified data file
 4:27:59 BattlEye Server: Player #0 Rad (121.73.37.174:2304) connected
 4:27:59 Player Rad connecting.
 4:28:00 BattlEye Server: Player #0 Rad - GUID: 885c579ee12c4ddf77aaac565b2b3290 (unverified)
 4:28:00 Player Rad connected (id=76561198032047520).
 4:28:00 BattlEye Server: Verified GUID (885c579ee12c4ddf77aaac565b2b3290) of player #0 Rad
 4:28:01 BattlEye Server: Player #0 Rad - Legacy GUID: 03f93f12a57aefa54029cc3dc438d7a9
 4:28:04 Player Rad disconnected.
 4:28:04 BattlEye Server: Player #0 Rad disconnected
 4:29:19 Rad uses modified data file
 4:29:19 BattlEye Server: Player #0 Rad (121.73.37.174:2304) connected
 4:29:19 Player Rad connecting.
 4:29:20 BattlEye Server: Player #0 Rad - GUID: 885c579ee12c4ddf77aaac565b2b3290 (unverified)
 4:29:20 Player Rad connected (id=76561198032047520).
 4:29:20 BattlEye Server: Verified GUID (885c579ee12c4ddf77aaac565b2b3290) of player #0 Rad
 4:29:21 BattlEye Server: Player #0 Rad - Legacy GUID: 03f93f12a57aefa54029cc3dc438d7a9
 4:34:16 Player Rad disconnected.
 4:34:16 BattlEye Server: Player #0 Rad disconnected
 4:36:08 Rad uses modified data file
 4:36:08 BattlEye Server: Player #0 Rad (121.73.37.174:2304) connected
 4:36:08 Player Rad connecting.
 4:36:09 BattlEye Server: Player #0 Rad - GUID: 885c579ee12c4ddf77aaac565b2b3290 (unverified)
 4:36:10 Player Rad connected (id=76561198032047520).
 4:36:10 BattlEye Server: Verified GUID (885c579ee12c4ddf77aaac565b2b3290) of player #0 Rad
 4:36:11 BattlEye Server: Player #0 Rad - Legacy GUID: 03f93f12a57aefa54029cc3dc438d7a9
 4:40:26 Player Rad disconnected.
 4:40:26 BattlEye Server: Player #0 Rad disconnected
 5:10:04 Rad uses modified data file
 5:10:04 BattlEye Server: Player #0 Rad (121.73.37.174:2304) connected
 5:10:04 Player Rad connecting.
 5:10:05 BattlEye Server: Player #0 Rad - GUID: 885c579ee12c4ddf77aaac565b2b3290 (unverified)
 5:10:06 Player Rad connected (id=76561198032047520).
 5:10:06 BattlEye Server: Verified GUID (885c579ee12c4ddf77aaac565b2b3290) of player #0 Rad
 5:10:06 BattlEye Server: Player #0 Rad - Legacy GUID: 03f93f12a57aefa54029cc3d 8:04:01 BattlEye Server: Initialized (v1.195)
 8:04:01 Host identity created.
 8:04:11 BattlEye Server: RCon admin #0 (192.111.144.6:61240) logged in
 8:08:11 BattlEye Server: RCon admin #0: (Global) Try adding  -malloc=system  to your ARMA launch parameters to help with steam ticket fails
