12:09:35 BattlEye server updated to version: 195
12:09:35 BattlEye Server: Initialized (v1.195)
12:09:35 Host identity created.
12:10:02 Casey uses modified data file
12:10:02 BattlEye Server: Player #0 Casey (71.68.252.4:2304) connected
12:10:02 Player Casey connecting.
12:10:02 Mission DayZ Epoch Chernarus read from bank.
12:10:24 Player Casey disconnected.
12:10:24 BattlEye Server: Player #0 Casey disconnected
12:10:24 All users disconnected, waiting for users.
12:12:07 BattlEye Server: Initialized (v1.195)
12:12:07 Host identity created.
12:14:41 BattlEye Server: Initialized (v1.195)
12:14:41 Host identity created.
12:16:35 BattlEye Server: Initialized (v1.195)
12:16:35 Host identity created.
12:17:43 BattlEye Server: Initialized (v1.195)
12:17:43 Host identity created.
12:53:09 BattlEye Server: Initialized (v1.195)
12:53:09 Host identity created.
13:14:47 BattlEye Server: Initialized (v1.195)
13:14:47 Host identity created.
